23-06-2023 15:43	fetched	4353	Jaimy
23-06-2023 15:44	fetched	4313	Jaimy
23-06-2023 16:07	fetched	4342	Ellen
23-06-2023 16:10	update	4306	Ellen
23-06-2023 16:11	fetched	4353	Ellen
23-06-2023 16:11	update	4306	Ellen
23-06-2023 16:12	update	4316	Ellen
23-06-2023 16:12	update	4314	Ellen
23-06-2023 16:12	update	4314	Ellen
23-06-2023 16:13	fetched	4353	Ellen
23-06-2023 16:13	update	4314	Ellen
23-06-2023 16:13	update	4306	Ellen
23-06-2023 16:14	fetched	4353	Ellen
23-06-2023 16:14	fetched	4353	Ellen
23-06-2023 16:15	fetched	4353	Ellen
23-06-2023 16:15	fetched	4342	Ellen
23-06-2023 16:20	update	4319	Jaimy
23-06-2023 16:22	fetched	4313	Jaimy
23-06-2023 16:39	update	4314	Jaimy
24-06-2023 10:38	fetched	4314	Ellen
24-06-2023 10:51	update	4280	Jaimy
24-06-2023 10:51	update	4280	Jaimy
24-06-2023 11:03	insert	4355	Jaimy
24-06-2023 11:04	update	4355	Jaimy
24-06-2023 11:07	update	4355	Jaimy
24-06-2023 11:09	insert	4340	Ellen
24-06-2023 11:11	update	4340	Ellen
24-06-2023 11:46	update	4340	Jaimy
24-06-2023 12:46	update	4340	Jaimy
24-06-2023 13:37	insert	4356	Jaimy
24-06-2023 13:37	update	4356	Jaimy
24-06-2023 13:43	update	4340	Jaimy
24-06-2023 14:51	fetched	4293	Jaimy
24-06-2023 15:23	update	4319	Jaimy
24-06-2023 15:24	update	4331	Jaimy
24-06-2023 15:26	update	4296	Jaimy
24-06-2023 15:27	update	4296	Jaimy
24-06-2023 15:36	insert	4357	Jaimy
25-06-2023 14:11	insert	4358	Jaimy
25-06-2023 14:12	update	4358	Jaimy
25-06-2023 14:29	mail	4296	Jaimy
26-06-2023 12:38	fetched	4297	Jessie
26-06-2023 14:38	insert	4343	Ellen
26-06-2023 14:41	update	4343	Ellen
26-06-2023 15:41	insert	4362	Ilona
27-06-2023 10:39	insert	4364	Esther
28-06-2023 10:31	update	4331	Esther
28-06-2023 10:32	mail	4316	Esther
28-06-2023 10:34	fetched	4296	Esther
29-06-2023 12:43	update	4331	Jaimy
29-06-2023 12:43	update	4331	Jaimy
29-06-2023 13:27	insert	4370	Jaimy
30-06-2023 17:06	update	4331	Jaimy
01-07-2023 10:12	update	4362	Dennis
01-07-2023 10:13	mail	4362	Dennis
01-07-2023 10:16	fetched	4306	Dennis
01-07-2023 10:17	mail	4370	Dennis
01-07-2023 10:19	mail	4355	Dennis
01-07-2023 10:21	mail	4331	Dennis
01-07-2023 10:22	mail	4356	Dennis
01-07-2023 12:57	update	4331	Dennis
01-07-2023 12:57	fetched	4331	Dennis
01-07-2023 14:16	update	4364	Jaimy
01-07-2023 14:37	update	4280	Jaimy
01-07-2023 14:37	fetched	4280	Jaimy
01-07-2023 15:00	insert	4373	Jaimy
01-07-2023 15:34	fetched	4362	Ellen
01-07-2023 15:41	insert	2	Jaimy
01-07-2023 15:41	fetched	2	Jaimy
02-07-2023 12:39	update	4373	Jaimy
02-07-2023 13:54	insert	4374	Jaimy
03-07-2023 12:53	insert	4375	Esther
03-07-2023 14:25	insert	4377	Esther
04-07-2023 15:08	update	4375	Esther
04-07-2023 15:50	fetched	4343	Esther
04-07-2023 17:25	update	4377	Esther
06-07-2023 09:56	update	4357	Monique
06-07-2023 10:43	update	4358	Monique
06-07-2023 10:49	update	4373	Ellen
06-07-2023 10:50	mail	4373	Ellen
06-07-2023 11:05	fetched	4357	Ellen
06-07-2023 14:04	insert	4380	Ellen
06-07-2023 15:38	update	4374	Ellen
06-07-2023 16:25	update	4364	Ellen
06-07-2023 16:55	insert	4381	Ellen
06-07-2023 17:35	update	4319	Ellen
06-07-2023 17:35	fetched	4319	Ellen
07-07-2023 09:51	update	4364	Ellen
07-07-2023 09:53	update	4381	Ellen
07-07-2023 11:53	update	4358	Ellen
07-07-2023 12:18	update	4381	Ellen
07-07-2023 13:26	fetched	4364	Ellen
07-07-2023 17:14	update	4380	Ellen
07-07-2023 17:14	update	4380	Ellen
08-07-2023 10:47	insert	123	Jaimy
08-07-2023 10:52	insert	121	Jaimy
08-07-2023 10:52	mail	121	Jaimy
08-07-2023 11:38	update	4358	Ellen
08-07-2023 12:27	insert	23	Jaimy
08-07-2023 13:30	fetched	4358	Jaimy
08-07-2023 13:44	fetched	4380	Ellen
08-07-2023 16:36	fetched	4373	Esther
09-07-2023 12:58	fetched	4370	Jaimy
09-07-2023 14:35	insert	4384	Jaimy
09-07-2023 14:35	insert	4385	Jaimy
09-07-2023 14:40	update	4384	Jaimy
09-07-2023 14:42	update	4384	Jaimy
09-07-2023 16:00	update	4384	Jaimy
09-07-2023 16:05	update	4384	Jaimy
09-07-2023 16:34	update	4384	Jaimy
09-07-2023 16:36	update	4384	Jaimy
10-07-2023 12:28	insert	4385	Ilona
10-07-2023 13:16	insert	4386	Nancy
12-07-2023 09:47	update	4384	Dennis
12-07-2023 11:01	update	4384	Esther
12-07-2023 11:07	insert	4387	Ellen
13-07-2023 15:12	insert	4389	Dennis
14-07-2023 10:56	mail	4386	Esther
14-07-2023 11:02	mail	4381	Esther
14-07-2023 11:06	update	4387	Esther
14-07-2023 11:14	insert	4390	Esther
14-07-2023 11:28	update	4385	Esther
14-07-2023 13:14	fetched	4356	Esther
14-07-2023 16:04	fetched	4385	Ellen
15-07-2023 10:33	update	4390	Dennis
15-07-2023 10:59	update	4375	Dennis
15-07-2023 11:03	update	4389	Dennis
15-07-2023 11:05	update	4386	Dennis
15-07-2023 11:18	update	4355	Dennis
15-07-2023 11:29	update	4375	Dennis
15-07-2023 11:39	update	4377	Jaimy
15-07-2023 12:34	insert	4394	Jaimy
15-07-2023 13:01	insert	4395	Jaimy
15-07-2023 13:08	update	4395	Jaimy
15-07-2023 13:08	update	4395	Jaimy
15-07-2023 13:11	update	4395	Jaimy
15-07-2023 13:17	update	4395	Jaimy
15-07-2023 13:20	update	4377	Jaimy
15-07-2023 13:20	update	4377	Jaimy
15-07-2023 13:20	update	4377	Jaimy
15-07-2023 15:28	insert	4396	Jaimy
15-07-2023 15:30	update	4396	Jaimy
15-07-2023 16:56	insert	4397	Esther
16-07-2023 12:18	insert	4400	Ellen
17-07-2023 12:31	insert	4401	Jaimy
17-07-2023 12:32	update	4401	Jaimy
17-07-2023 12:33	update	4401	Jaimy
17-07-2023 12:33	update	4401	Jaimy
17-07-2023 13:23	update	4396	Jaimy
17-07-2023 13:46	update	4395	Jaimy
17-07-2023 13:47	update	4396	Jaimy
17-07-2023 14:29	fetched	4386	Esther
17-07-2023 14:30	update	4396	Esther
17-07-2023 16:47	update	4395	Jaimy
17-07-2023 17:01	update	4395	Jaimy
18-07-2023 12:34	fetched	4387	Jaimy
18-07-2023 12:34	update	4400	Jaimy
18-07-2023 12:44	fetched	4400	Jaimy
18-07-2023 15:26	update	4395	Jaimy
18-07-2023 16:06	insert	4402	Jaimy
18-07-2023 16:09	update	4402	Jaimy
18-07-2023 16:09	update	4402	Jaimy
19-07-2023 10:35	update	4375	Esther
19-07-2023 10:35	update	4375	Esther
19-07-2023 10:38	update	4375	Esther
19-07-2023 12:22	insert	4403	Esther
19-07-2023 12:25	update	4403	Esther
19-07-2023 14:54	fetched	4381	Esther
20-07-2023 11:27	insert	4405	Jaimy
20-07-2023 13:40	mail	4377	Jaimy
20-07-2023 14:29	fetched	4377	Jaimy
20-07-2023 14:48	update	4405	Jaimy
20-07-2023 16:12	update	4395	Jaimy
20-07-2023 16:13	update	4395	Jaimy
20-07-2023 16:44	update	4405	Jaimy
21-07-2023 14:06	update	4394	Jaimy
21-07-2023 14:07	mail	4394	Jaimy
21-07-2023 14:57	fetched	4394	Jaimy
21-07-2023 15:02	fetched	4395	Jaimy
22-07-2023 10:43	update	4401	Jaimy
22-07-2023 10:43	update	4374	Jaimy
22-07-2023 13:22	insert	4407	Jaimy
22-07-2023 13:29	update	4407	Jaimy
22-07-2023 15:06	mail	4403	Jaimy
22-07-2023 15:07	mail	4397	Jaimy
22-07-2023 15:29	update	4401	Jaimy
22-07-2023 15:56	fetched	4402	Jaimy
23-07-2023 13:39	fetched	4401	Jaimy
23-07-2023 16:39	update	4374	Jaimy
24-07-2023 13:22	insert	4408	Jaimy
24-07-2023 13:23	update	4408	Jaimy
24-07-2023 16:48	update	4316	Jaimy
24-07-2023 16:48	call	4316	Jaimy
25-07-2023 15:20	insert	4410	Dennis
26-07-2023 12:09	update	4390	Ellen
26-07-2023 12:11	update	4390	Ellen
26-07-2023 12:17	update	4403	Ellen
26-07-2023 12:17	fetched	4403	Ellen
26-07-2023 13:10	update	4390	Ellen
26-07-2023 14:11	update	4390	Ellen
26-07-2023 14:30	fetched	4397	Ellen
27-07-2023 11:21	update	4390	Jaimy
27-07-2023 14:08	mail	4384	Jaimy
27-07-2023 15:24	insert	4411	Jaimy
28-07-2023 16:21	fetched	4316	Esther
29-07-2023 11:39	mail	4408	Jaimy
29-07-2023 12:00	insert	4412	Jaimy
29-07-2023 13:30	update	4412	Jaimy
29-07-2023 13:30	update	4412	Jaimy
29-07-2023 14:23	fetched	4408	Jaimy
29-07-2023 14:24	insert	4413	Jaimy
29-07-2023 15:54	insert	4414	Dennis
29-07-2023 16:20	mail	4374	Esther
30-07-2023 16:41	update	4389	Dennis
01-08-2023 10:47	fetched	4405	Esther
01-08-2023 11:57	update	4411	Esther
01-08-2023 14:42	update	4411	Esther
01-08-2023 14:42	fetched	4411	Esther
02-08-2023 10:47	fetched	4355	Esther
02-08-2023 10:47	fetched	4340	Esther
02-08-2023 10:58	update	4412	Esther
02-08-2023 11:17	update	4412	Esther
04-08-2023 12:31	insert	4419	Ellen
05-08-2023 10:26	update	4389	Esther
05-08-2023 10:27	update	4414	Esther
05-08-2023 10:28	call	4389	Esther
05-08-2023 10:30	update	4407	Esther
05-08-2023 11:50	fetched	4414	Esther
05-08-2023 12:37	update	4384	Ellen
05-08-2023 12:37	fetched	4384	Ellen
05-08-2023 14:32	call	4413	Dennis
05-08-2023 14:59	fetched	4375	Esther
05-08-2023 15:23	update	4374	Esther
05-08-2023 15:33	fetched	4413	Esther
05-08-2023 16:18	update	4407	Esther
06-08-2023 13:10	insert	4422	Ilona
07-08-2023 12:35	update	4422	Ilona
07-08-2023 13:05	insert	4423	Ilona
07-08-2023 16:12	update	4423	Ilona
08-08-2023 13:12	fetched	4423	Esther
08-08-2023 16:19	mail	4374	Esther
08-08-2023 16:19	mail	4374	Esther
08-08-2023 16:58	update	4412	Esther
08-08-2023 17:00	update	4412	Esther
10-08-2023 09:27	call	4407	Dennis
10-08-2023 09:48	insert	4427	Ellen
10-08-2023 13:01	fetched	4389	Ellen
10-08-2023 13:02	insert	4426	Ellen
10-08-2023 14:17	update	4419	Ilona
10-08-2023 14:17	update	4419	Ilona
10-08-2023 16:37	insert	4428	Ilona
11-08-2023 11:44	insert	4429	Esther
11-08-2023 12:02	fetched	4374	Esther
11-08-2023 13:51	insert	4421	Esther
11-08-2023 14:27	insert	4430	Esther
11-08-2023 14:29	update	4430	Esther
12-08-2023 12:40	fetched	4419	Esther
12-08-2023 13:24	insert	4431	Esther
12-08-2023 13:41	update	4429	Dennis
12-08-2023 14:18	mail	4422	Esther
12-08-2023 14:35	fetched	4422	Esther
12-08-2023 14:38	update	4431	Esther
12-08-2023 14:39	update	4431	Esther
12-08-2023 15:14	insert	4432	Esther
12-08-2023 15:16	update	4432	Esther
13-08-2023 16:17	insert	4434	Fleur
15-08-2023 11:41	insert	4437	Jaimy
15-08-2023 14:54	insert	4438	Jaimy
16-08-2023 11:08	update	4426	Ellen
16-08-2023 11:08	call	4427	Ellen
16-08-2023 11:08	fetched	4427	Ellen
16-08-2023 14:24	insert	4441	Fleur
16-08-2023 16:41	insert	4440	Fleur
17-08-2023 10:24	update	4440	Dennis
17-08-2023 10:28	update	4440	Dennis
17-08-2023 12:44	insert	4443	Ilona
17-08-2023 13:01	insert	4444	Ellen
17-08-2023 13:05	insert	4445	Ellen
17-08-2023 16:17	call	4426	Ellen
17-08-2023 17:02	call	4444	Dennis
17-08-2023 17:02	call	4443	Dennis
17-08-2023 17:17	call	4410	Dennis
18-08-2023 10:20	fetched	4426	Ellen
18-08-2023 11:07	update	4430	Jaimy
18-08-2023 14:13	update	4438	Jaimy
18-08-2023 14:26	update	4443	Ellen
18-08-2023 14:26	fetched	4443	Ellen
18-08-2023 14:26	update	4444	Ellen
18-08-2023 14:27	fetched	4444	Ellen
18-08-2023 14:42	insert	4447	Jaimy
18-08-2023 14:42	update	4447	Jaimy
18-08-2023 14:49	update	4447	Jaimy
18-08-2023 15:08	update	4390	Jaimy
18-08-2023 16:09	update	4390	Ellen
19-08-2023 09:37	update	4434	Jaimy
19-08-2023 09:38	mail	4434	Jaimy
19-08-2023 09:38	mail	4434	Jaimy
19-08-2023 09:40	mail	4438	Jaimy
19-08-2023 09:48	update	4437	Fleur
19-08-2023 09:48	mail	4437	Fleur
19-08-2023 09:51	update	4431	Jaimy
19-08-2023 10:03	call	4431	Jaimy
19-08-2023 10:04	call	4421	Jaimy
19-08-2023 12:28	update	4432	Fleur
19-08-2023 12:28	update	4432	Fleur
19-08-2023 12:42	mail	4447	Fleur
19-08-2023 13:35	fetched	4421	Ellen
19-08-2023 14:44	insert	4446	Jaimy
19-08-2023 15:10	update	4446	Jaimy
19-08-2023 15:54	update	4446	Jaimy
19-08-2023 16:18	update	4446	Jaimy
19-08-2023 16:19	update	4446	Jaimy
20-08-2023 14:32	fetched	4434	Jaimy
20-08-2023 14:45	fetched	4410	Dennis
21-08-2023 12:08	insert	4449	Ellen
21-08-2023 13:30	update	4438	Ellen
21-08-2023 13:30	fetched	4438	Ellen
21-08-2023 13:33	insert	4438	Ellen
22-08-2023 13:48	insert	4451	Jaimy
22-08-2023 14:21	insert	4452	Jaimy
22-08-2023 16:26	insert	4453	Dennis
23-08-2023 10:19	update	4441	Ellen
23-08-2023 10:21	call	4441	Ellen
23-08-2023 10:26	update	4445	Ellen
23-08-2023 10:27	mail	4445	Ellen
23-08-2023 11:12	update	4407	Ellen
23-08-2023 16:01	fetched	4445	Jaimy
25-08-2023 09:56	insert	25-08-2023_09:56:36	Jaimy
25-08-2023 09:59	update	4456	Jaimy
25-08-2023 10:07	update	4396	Jaimy
25-08-2023 10:10	mail	4396	Ellen
25-08-2023 10:11	contacted	25-08-2023_09:56:36	Ellen
25-08-2023 10:11	ordered	25-08-2023_09:56:36	Ellen
25-08-2023 10:11	contacted	25-08-2023_09:56:36	Ellen
25-08-2023 10:18	mail	4412	Jaimy
25-08-2023 10:22	fetched	4431	Ellen
25-08-2023 10:23	update	25-08-2023_09:56:36	Ellen
25-08-2023 10:56	update	25-08-2023_09:56:36	Dennis
25-08-2023 10:57	update	25-08-2023_09:56:36	Dennis
25-08-2023 11:15	update	25-08-2023_09:56:36	Jaimy
25-08-2023 11:34	update	4432	Jaimy
25-08-2023 12:32	insert	25-08-2023_12:32:39	Dennis
25-08-2023 12:34	update	25-08-2023_12:32:39	Dennis
25-08-2023 12:35	update	25-08-2023_12:32:39	Jaimy
25-08-2023 13:37	ordered	25-08-2023_12:32:39	Dennis
25-08-2023 13:37	update	25-08-2023_12:32:39	Dennis
25-08-2023 13:38	update	25-08-2023_12:32:39	Dennis
25-08-2023 15:30	insert	25-08-2023_15:30:45	Dennis
25-08-2023 17:13	insert	4458	Jaimy
25-08-2023 17:14	update	4458	Ellen
25-08-2023 17:14	update	4458	Ellen
25-08-2023 17:15	update	4458	Ellen
26-08-2023 10:26	contacted	25-08-2023_12:32:39	Esther
26-08-2023 10:57	insert	4459	Fleur
26-08-2023 11:00	update	4459	Esther
26-08-2023 11:04	update	4451	Esther
26-08-2023 11:04	mail	4451	Esther
26-08-2023 11:05	call	4449	Esther
26-08-2023 11:14	update	4453	Esther
26-08-2023 11:14	update	4453	Esther
26-08-2023 13:44	insert	26-08-2023_13:44:09	Dennis
26-08-2023 13:44	update	26-08-2023_13:44:09	Dennis
26-08-2023 14:29	update	26-08-2023_13:44:09	Esther
26-08-2023 14:30	update	26-08-2023_13:44:09	Esther
26-08-2023 14:33	update	4451	Jaimy
26-08-2023 14:34	update	4451	Jaimy
26-08-2023 14:34	update	4451	Jaimy
26-08-2023 14:34	update	4451	Jaimy
26-08-2023 14:34	update	4451	Jaimy
26-08-2023 14:44	insert	4462	Dennis
26-08-2023 15:30	insert	26-08-2023_15:30:04	Jaimy
26-08-2023 15:47	fetched	4441	Jaimy
26-08-2023 15:47	fetched	4449	Jaimy
26-08-2023 15:49	fetched	25-08-2023_09:56:36	Jaimy
26-08-2023 16:45	insert	26-08-2023_16:45:59	Jaimy
26-08-2023 16:47	update	26-08-2023_16:45:59	Jaimy
26-08-2023 17:01	update	26-08-2023_15:30:04	Jaimy
27-08-2023 12:25	fetched	4451	Jessie
27-08-2023 12:43	insert	27-08-2023_12:43:36	Ellen
27-08-2023 13:11	insert	4464	Ellen
27-08-2023 13:50	insert	27-08-2023_13:50:44	Jessie
27-08-2023 14:11	update	27-08-2023_13:50:44	Jessie
27-08-2023 14:33	insert	4467	Ellen
27-08-2023 16:15	insert	4468	Ellen
28-08-2023 12:54	ordered	26-08-2023_16:45:59	Ilona
28-08-2023 13:19	insert	28-08-2023_13:19:25	Esther
28-08-2023 13:42	update	4438	Esther
28-08-2023 13:43	update	4438	Esther
28-08-2023 14:00	insert	4469	Esther
28-08-2023 15:08	fetched	4396	Esther
28-08-2023 15:44	insert	4470	Esther
28-08-2023 16:24	update	4468	Esther
29-08-2023 10:02	fetched	4447	Esther
29-08-2023 10:03	update	4468	Esther
29-08-2023 10:20	ordered	26-08-2023_15:30:04	Ilona
29-08-2023 10:34	ordered	27-08-2023_13:50:44	Esther
29-08-2023 10:51	ordered	25-08-2023_15:30:45	Esther
29-08-2023 11:15	update	27-08-2023_12:43:36	Esther
29-08-2023 11:15	update	25-08-2023_12:32:39	Esther
29-08-2023 11:41	insert	29-08-2023_11:41:12	Ilona
29-08-2023 11:41	contacted	28-08-2023_13:19:25	Ilona
29-08-2023 11:45	ordered	28-08-2023_13:19:25	Ilona
29-08-2023 11:45	fetched	28-08-2023_13:19:25	Ilona
29-08-2023 11:49	update	4468	Ilona
29-08-2023 11:51	insert	29-08-2023_11:51:45	Ilona
29-08-2023 11:52	update	29-08-2023_11:51:45	Ilona
29-08-2023 11:58	insert	29-08-2023_11:58:50	Ilona
29-08-2023 12:10	fetched	27-08-2023_12:43:36	Ilona
29-08-2023 12:13	insert	29-08-2023_12:13:19	Ilona
29-08-2023 12:13	ordered	29-08-2023_12:13:19	Ilona
29-08-2023 12:35	insert	29-08-2023_12:35:24	Ilona
29-08-2023 12:35	ordered	29-08-2023_12:35:24	Ilona
29-08-2023 12:36	insert	29-08-2023_12:36:42	Ilona
29-08-2023 12:36	ordered	29-08-2023_12:36:42	Ilona
29-08-2023 12:37	update	29-08-2023_12:36:42	Ilona
29-08-2023 12:39	update	29-08-2023_12:35:24	Ilona
29-08-2023 12:39	update	29-08-2023_12:13:19	Ilona
29-08-2023 12:41	insert	29-08-2023_12:41:11	Ilona
29-08-2023 12:41	ordered	29-08-2023_12:41:11	Ilona
29-08-2023 12:43	insert	29-08-2023_12:43:42	Ilona
29-08-2023 12:43	insert	4471	Dennis
29-08-2023 12:43	ordered	29-08-2023_12:43:42	Ilona
29-08-2023 14:37	update	26-08-2023_13:44:09	Dennis
29-08-2023 14:42	ordered	26-08-2023_13:44:09	Dennis
29-08-2023 14:56	insert	29-08-2023_14:56:16	Dennis
29-08-2023 14:56	ordered	29-08-2023_14:56:16	Dennis
29-08-2023 15:12	insert	4473	Dennis
29-08-2023 15:19	update	4473	Dennis
29-08-2023 15:29	insert	4472	Dennis
30-08-2023 11:56	contacted	26-08-2023_16:45:59	Ellen
30-08-2023 13:05	update	4452	Ellen
30-08-2023 13:06	call	4452	Ellen
30-08-2023 14:15	update	4464	Ellen
30-08-2023 14:15	call	4464	Ellen
30-08-2023 14:17	fetched	4452	Ellen
30-08-2023 14:28	insert	30-08-2023_14:28:37	Ellen
30-08-2023 14:29	ordered	30-08-2023_14:28:37	Ellen
30-08-2023 16:13	update	4446	Ellen
30-08-2023 16:13	call	4446	Ellen
30-08-2023 16:54	update	4429	Ellen
30-08-2023 17:09	update	4467	Ellen
31-08-2023 14:20	update	4453	Ellen
31-08-2023 14:37	update	4456	Ellen
31-08-2023 15:18	fetched	26-08-2023_16:45:59	Ilona
31-08-2023 15:44	update	4432	Monique
31-08-2023 16:21	update	4467	Ellen
01-09-2023 10:52	call	4432	Esther
01-09-2023 10:53	contacted	30-08-2023_14:28:37	Dennis
01-09-2023 10:53	contacted	29-08-2023_11:58:50	Dennis
01-09-2023 10:54	contacted	30-08-2023_14:28:37	Dennis
01-09-2023 10:56	call	4428	Esther
01-09-2023 11:04	fetched	30-08-2023_14:28:37	Dennis
01-09-2023 11:20	fetched	4437	Esther
01-09-2023 11:21	mail	4440	Esther
01-09-2023 11:21	mail	4440	Esther
01-09-2023 11:21	mail	4440	Esther
01-09-2023 11:29	mail	4458	Esther
01-09-2023 11:29	mail	4458	Esther
01-09-2023 14:36	contacted	29-08-2023_12:13:19	Esther
01-09-2023 14:58	contacted	29-08-2023_12:36:42	Esther
01-09-2023 15:19	contacted	29-08-2023_12:35:24	Esther
01-09-2023 15:25	update	29-08-2023_12:41:11	Esther
01-09-2023 16:06	insert	4479	Ellen
02-09-2023 10:18	update	29-08-2023_11:41:12	Jaimy
02-09-2023 10:41	mail	4472	Esther
02-09-2023 10:53	mail	4430	Esther
02-09-2023 10:56	mail	4470	Esther
02-09-2023 11:13	call	4471	Esther
02-09-2023 11:13	update	4471	Esther
02-09-2023 11:22	mail	4473	Esther
02-09-2023 11:32	insert	02-09-2023_11:32:08	Esther
02-09-2023 12:03	contacted	27-08-2023_13:50:44	Jaimy
02-09-2023 12:06	contacted	25-08-2023_15:30:45	Jaimy
02-09-2023 12:08	call	4467	Jaimy
02-09-2023 12:09	fetched	4407	Esther
02-09-2023 12:11	fetched	25-08-2023_15:30:45	Jaimy
02-09-2023 12:11	fetched	26-08-2023_15:30:04	Jaimy
02-09-2023 12:11	insert	02-09-2023_12:11:19	Esther
02-09-2023 12:31	insert	02-09-2023_12:31:40	Ellen
02-09-2023 14:03	fetched	4467	Jaimy
02-09-2023 15:30	fetched	4458	Dennis
02-09-2023 16:17	fetched	4432	Dennis
02-09-2023 16:39	update	4459	Dennis
02-09-2023 16:40	update	4459	Dennis
02-09-2023 16:40	mail	4459	Dennis
04-09-2023 12:55	insert	04-09-2023_12:55:29	Ellen
04-09-2023 13:01	fetched	4473	Ellen
04-09-2023 13:02	contacted	26-08-2023_13:44:09	Ilona
04-09-2023 13:02	update	26-08-2023_13:44:09	Ilona
04-09-2023 13:07	contacted	29-08-2023_14:56:16	Ilona
04-09-2023 13:45	fetched	4472	Ellen
05-09-2023 10:32	fetched	29-08-2023_12:35:24	Ilona
05-09-2023 10:33	fetched	29-08-2023_14:56:16	Ilona
05-09-2023 11:07	update	02-09-2023_11:32:08	Ilona
05-09-2023 11:13	update	02-09-2023_12:31:40	Ilona
05-09-2023 16:53	insert	4484	Dennis
06-09-2023 10:49	fetched	27-08-2023_13:50:44	Ellen
06-09-2023 11:15	update	4428	Ellen
06-09-2023 11:15	fetched	4428	Ellen
06-09-2023 11:24	fetched	26-08-2023_13:44:09	Ellen
06-09-2023 12:00	contacted	04-09-2023_12:55:29	Ellen
06-09-2023 12:28	insert	06-09-2023_12:28:48	Dennis
06-09-2023 12:50	insert	4485	Ellen
07-09-2023 11:15	update	4479	Ellen
07-09-2023 11:15	mail	4479	Ellen
07-09-2023 11:58	insert	4487	Ilona
07-09-2023 12:15	update	4469	Ilona
07-09-2023 14:19	insert	4465	Ilona
07-09-2023 15:55	mail	4468	Ilona
07-09-2023 16:01	update	4468	Ilona
07-09-2023 16:02	update	4468	Ilona
07-09-2023 16:10	fetched	4470	Ilona
08-09-2023 10:23	fetched	4455	Dennis
08-09-2023 14:55	update	4485	Ellen
08-09-2023 15:45	insert	08-09-2023_15:45:47	Ellen
08-09-2023 15:46	update	08-09-2023_15:45:47	Ellen
08-09-2023 16:49	update	4440	Ellen
08-09-2023 16:49	fetched	4440	Ellen
09-09-2023 10:04	update	02-09-2023_11:32:08	Jaimy
09-09-2023 12:47	fetched	4468	Ellen
09-09-2023 13:11	call	4484	Dennis
09-09-2023 13:16	update	4462	Jaimy
09-09-2023 13:18	call	4462	Jaimy
09-09-2023 13:20	update	4487	Jaimy
09-09-2023 14:32	insert	4489	Ellen
09-09-2023 14:32	update	4489	Ellen
09-09-2023 14:56	fetched	4462	Jaimy
09-09-2023 15:48	insert	09-09-2023_15:48:09	Dennis
11-09-2023 14:07	insert	4492	Ilona
11-09-2023 16:20	fetched	4471	Ilona
12-09-2023 10:25	insert	12-09-2023_10:25:07	Ilona
12-09-2023 11:23	ordered	02-09-2023_12:11:19	Esther
12-09-2023 11:24	ordered	09-09-2023_15:48:09	Esther
12-09-2023 11:38	ordered	02-09-2023_12:31:40	Esther
12-09-2023 11:38	ordered	06-09-2023_12:28:48	Esther
12-09-2023 16:26	contacted	12-09-2023_10:25:07	Monique
13-09-2023 12:27	update	4430	Ellen
13-09-2023 13:09	fetched	4430	Nancy
13-09-2023 13:10	fetched	4492	Nancy
14-09-2023 10:25	insert	4499	Monique
14-09-2023 10:27	update	4499	Monique
14-09-2023 10:40	mail	4465	Ilona
14-09-2023 10:41	mail	4465	Ilona
14-09-2023 10:42	mail	4485	Ilona
14-09-2023 11:33	insert	14-09-2023_11:33:25	Ellen
14-09-2023 11:34	contacted	02-09-2023_12:11:19	Ellen
14-09-2023 11:34	fetched	02-09-2023_12:11:19	Ellen
14-09-2023 11:41	update	29-08-2023_11:58:50	Ellen
14-09-2023 12:51	fetched	4479	Ellen
14-09-2023 14:27	insert	4500	Ilona
14-09-2023 16:17	contacted	06-09-2023_12:28:48	Ilona
14-09-2023 16:19	contacted	02-09-2023_12:31:40	Ilona
14-09-2023 16:31	fetched	4485	Ilona
14-09-2023 16:31	fetched	4465	Ilona
16-09-2023 09:42	update	4500	Jaimy
16-09-2023 10:51	update	4487	Esther
16-09-2023 10:55	update	4469	Jaimy
16-09-2023 11:09	fetched	4459	Esther
16-09-2023 12:07	insert	16-09-2023_12:07:04	Jaimy
16-09-2023 12:07	update	16-09-2023_12:07:04	Jaimy
16-09-2023 12:08	update	16-09-2023_12:07:04	Jaimy
16-09-2023 12:17	fetched	4390	Dennis
16-09-2023 12:32	update	16-09-2023_12:07:04	Dennis
16-09-2023 13:29	update	4489	Ellen
16-09-2023 13:42	mail	4489	Ellen
16-09-2023 13:47	update	4500	Dennis
16-09-2023 14:06	update	4500	Jaimy
16-09-2023 14:09	update	4500	Jaimy
16-09-2023 14:10	update	4500	Jaimy
16-09-2023 14:18	insert	4502	Jaimy
16-09-2023 14:30	fetched	4464	Jaimy
16-09-2023 15:03	update	4502	Jaimy
16-09-2023 15:59	update	4438	Jaimy
16-09-2023 15:59	fetched	06-09-2023_12:28:48	Jaimy
16-09-2023 15:59	fetched	02-09-2023_12:31:40	Jaimy
16-09-2023 16:00	fetched	29-08-2023_11:58:50	Jaimy
16-09-2023 16:00	fetched	04-09-2023_12:55:29	Jaimy
16-09-2023 16:14	insert	16-09-2023_16:14:08	Jaimy
18-09-2023 12:42	insert	4505	Ilona
18-09-2023 12:45	insert	4507	Ilona
18-09-2023 12:47	insert	4508	Ilona
18-09-2023 12:51	ordered	16-09-2023_16:14:08	Ilona
18-09-2023 13:44	insert	4509	Ilona
19-09-2023 11:19	ordered	08-09-2023_15:45:47	Ilona
19-09-2023 12:06	fetched	14-09-2023_11:33:25	Ilona
19-09-2023 13:48	update	4469	Esther
19-09-2023 14:15	contacted	16-09-2023_16:14:08	Esther
19-09-2023 14:44	insert	4510	Dennis
19-09-2023 15:38	insert	4511	Dennis
19-09-2023 15:40	update	4511	Dennis
20-09-2023 10:12	mail	4438	Esther
20-09-2023 10:12	mail	4438	Esther
20-09-2023 10:48	call	4453	Esther
20-09-2023 10:50	call	4456	Esther
21-09-2023 09:57	mail	4412	Monique
21-09-2023 14:06	update	4509	Ilona
21-09-2023 14:06	call	4509	Ilona
21-09-2023 14:07	update	4509	Ilona
21-09-2023 14:08	update	4509	Ilona
21-09-2023 14:08	call	4509	Ilona
21-09-2023 14:09	update	4500	Ilona
21-09-2023 14:18	fetched	4453	Ilona
21-09-2023 15:05	contacted	08-09-2023_15:45:47	Ilona
21-09-2023 15:14	fetched	4438	Monique
21-09-2023 16:46	fetched	02-09-2023_11:32:08	Ilona
22-09-2023 10:10	call	4507	Esther
22-09-2023 10:28	call	4508	Esther
22-09-2023 10:30	mail	4487	Esther
22-09-2023 10:30	mail	4487	Esther
22-09-2023 10:48	update	4503	Esther
22-09-2023 10:49	mail	4502	Esther
22-09-2023 10:50	mail	4505	Esther
22-09-2023 10:52	call	4510	Esther
22-09-2023 11:28	fetched	4510	Esther
22-09-2023 15:13	insert	4513	Dennis
22-09-2023 15:19	insert	22-09-2023_15:19:11	Dennis
22-09-2023 15:33	insert	22-09-2023_15:33:11	Dennis
22-09-2023 15:47	ordered	22-09-2023_15:33:11	Dennis
22-09-2023 15:47	ordered	22-09-2023_15:19:11	Dennis
23-09-2023 10:39	insert	4515	Jaimy
23-09-2023 10:39	update	4515	Jaimy
23-09-2023 13:19	fetched	08-09-2023_15:45:47	Jaimy
23-09-2023 16:07	fetched	4487	Dennis
24-09-2023 13:21	insert	24-09-2023_13:21:38	Dennis
24-09-2023 13:23	insert	24-09-2023_13:23:27	Dennis
24-09-2023 13:33	insert	24-09-2023_13:33:22	Fleur
24-09-2023 14:34	insert	4517	Dennis
24-09-2023 14:36	update	4517	Fleur
24-09-2023 14:46	insert	4518	Fleur
24-09-2023 14:47	update	4518	Fleur
24-09-2023 14:58	update	24-09-2023_13:33:22	Fleur
24-09-2023 14:58	fetched	24-09-2023_13:33:22	Fleur
24-09-2023 15:09	update	4517	Fleur
24-09-2023 15:10	update	4517	Fleur
24-09-2023 16:56	insert	24-09-2023_16:56:44	Fleur
24-09-2023 16:57	update	24-09-2023_16:56:44	Fleur
24-09-2023 16:57	update	24-09-2023_16:56:44	Fleur
25-09-2023 13:03	update	4511	Esther
25-09-2023 13:34	update	29-08-2023_12:41:11	Ilona
25-09-2023 13:35	contacted	29-08-2023_12:41:11	Ilona
25-09-2023 13:39	contacted	09-09-2023_15:48:09	Ilona
25-09-2023 13:41	contacted	29-08-2023_12:43:42	Ilona
25-09-2023 13:48	fetched	4502	Ellen
25-09-2023 15:16	fetched	4508	Esther
26-09-2023 10:59	update	24-09-2023_13:21:38	Ilona
26-09-2023 11:00	ordered	24-09-2023_13:23:27	Ilona
26-09-2023 11:53	ordered	16-09-2023_12:07:04	Ilona
26-09-2023 12:20	fetched	29-08-2023_12:43:42	Esther
26-09-2023 12:49	ordered	24-09-2023_16:56:44	Esther
26-09-2023 16:04	insert	26-09-2023_16:04:57	Esther
26-09-2023 16:05	update	26-09-2023_16:04:57	Esther
27-09-2023 10:39	insert	4520	Esther
27-09-2023 10:43	insert	1234	Esther
27-09-2023 10:43	update	1234	Esther
27-09-2023 10:44	update	1234	Esther
27-09-2023 10:44	fetched	1234	Esther
27-09-2023 10:44	insert	1234	Esther
27-09-2023 10:45	fetched	1234	Esther
27-09-2023 10:46	fetched	1234	Esther
27-09-2023 10:46	update	1234	Esther
27-09-2023 10:46	fetched	1234	Esther
27-09-2023 10:46	call	1234	Esther
27-09-2023 10:46	fetched	1234	Esther
27-09-2023 10:46	fetched	1234	Esther
27-09-2023 10:47	fetched	1234	Fleur
27-09-2023 10:47	fetched	1234	Fleur
27-09-2023 10:47	fetched	1234	Fleur
27-09-2023 10:47	update	1234	Fleur
27-09-2023 10:47	fetched	1234	Fleur
27-09-2023 10:47	fetched	1234	Fleur
27-09-2023 10:53	fetched	1234	Fleur
27-09-2023 10:53	update	1234	Fleur
27-09-2023 10:53	fetched	1234	Fleur
27-09-2023 10:53	update	1234	Fleur
27-09-2023 10:53	fetched	1234	Fleur
27-09-2023 10:54	fetched	1234	Fleur
27-09-2023 10:54	fetched	1234	Fleur
27-09-2023 10:54	fetched	1234	Fleur
27-09-2023 10:54	fetched	1234	Fleur
27-09-2023 10:58	fetched	1234	Fleur
27-09-2023 11:29	fetched	1234	Fleur
27-09-2023 11:29	fetched	1234	Fleur
27-09-2023 11:34	fetched	1234	Fleur
27-09-2023 11:38	fetched	1234	Fleur
27-09-2023 11:39	fetched	1234	Fleur
27-09-2023 11:40	update	4520	Fleur
27-09-2023 11:48	update	24-09-2023_13:23:27	Dennis
27-09-2023 12:06	insert	4514	Fleur
27-09-2023 12:12	fetched	1234	Fleur
27-09-2023 12:12	fetched	1234	Fleur
27-09-2023 12:24	fetched	25-08-2023_12:32:39	Dennis
27-09-2023 12:25	ordered	26-09-2023_16:04:57	Dennis
27-09-2023 12:28	fetched	1234	Dennis
27-09-2023 12:29	fetched	1234	Dennis
27-09-2023 12:29	fetched	1234	Dennis
27-09-2023 15:17	insert	27-09-2023_15:17:51	Esther
27-09-2023 15:24	insert	27-09-2023_15:24:11	Esther
27-09-2023 15:32	fetched	4489	Dennis
28-09-2023 10:07	fetched	4503	Ellen
28-09-2023 10:35	update	4499	Ellen
28-09-2023 10:35	call	4499	Ellen
28-09-2023 12:41	fetched	1234	Dennis
28-09-2023 12:41	fetched	1234	Dennis
28-09-2023 12:44	update	4520	Dennis
28-09-2023 13:30	insert	28-09-2023_13:30:41	Dennis
28-09-2023 14:01	contacted	16-09-2023_12:07:04	Dennis
29-09-2023 11:01	contacted	24-09-2023_13:23:27	Ellen
29-09-2023 11:49	ordered	27-09-2023_15:24:11	Ellen
29-09-2023 11:50	insert	29-09-2023_11:50:33	Ellen
29-09-2023 11:55	insert	4527	Esther
29-09-2023 11:57	update	4518	Ellen
29-09-2023 13:40	call	4513	Esther
29-09-2023 13:40	mail	4515	Esther
29-09-2023 14:35	insert	29-09-2023_14:35:50	Ellen
29-09-2023 14:58	fetched	4513	Nancy
29-09-2023 15:01	contacted	27-09-2023_15:24:11	Ellen
29-09-2023 16:10	fetched	4515	Esther
29-09-2023 16:46	update	4499	Ellen
29-09-2023 16:46	fetched	4499	Ellen
30-09-2023 10:36	insert	30-09-2023_10:36:04	Jaimy
30-09-2023 10:38	update	30-09-2023_10:36:04	Jaimy
30-09-2023 15:08	contacted	28-09-2023_13:30:41	Ellen
30-09-2023 15:24	insert	30-09-2023_15:24:14	Ellen
30-09-2023 15:51	update	30-09-2023_15:24:14	Ellen
01-10-2023 12:37	insert	01-10-2023_12:37:57	Ellen
01-10-2023 12:50	insert	01-10-2023_12:50:08	Ellen
01-10-2023 12:58	fetched	4507	Ellen
01-10-2023 13:26	insert	4531	Fleur
01-10-2023 13:27	fetched	1234	Fleur
01-10-2023 13:28	fetched	1234	Fleur
01-10-2023 13:28	update	4531	Fleur
01-10-2023 13:52	fetched	1234	Fleur
01-10-2023 13:52	fetched	1234	Fleur
01-10-2023 14:06	fetched	24-09-2023_13:23:27	Ellen
01-10-2023 14:39	insert	01-10-2023_14:39:10	Ellen
01-10-2023 14:46	insert	01-10-2023_14:46:13	Fleur
01-10-2023 14:48	update	01-10-2023_14:46:13	Fleur
01-10-2023 15:08	fetched	27-09-2023_15:17:51	Fleur
01-10-2023 16:04	update	01-10-2023_12:50:08	Ellen
01-10-2023 16:08	update	01-10-2023_12:50:08	Ellen
01-10-2023 16:17	fetched	1234	Fleur
01-10-2023 16:17	fetched	1234	Fleur
02-10-2023 12:56	update	4531	Ilona
02-10-2023 12:59	ordered	29-09-2023_11:50:33	Ilona
02-10-2023 13:02	ordered	30-09-2023_15:24:14	Ilona
02-10-2023 13:13	ordered	01-10-2023_14:46:13	Ilona
02-10-2023 14:18	fetched	27-09-2023_15:24:11	Nancy
02-10-2023 15:20	fetched	01-10-2023_14:39:10	Ellen
02-10-2023 15:38	fetched	28-09-2023_13:30:41	Ellen
02-10-2023 17:25	insert	02-10-2023_17:25:47	Ellen
03-10-2023 11:13	ordered	01-10-2023_12:37:57	Esther
03-10-2023 11:20	ordered	01-10-2023_12:50:08	Esther
03-10-2023 11:25	update	24-09-2023_13:21:38	Esther
03-10-2023 12:37	insert	03-10-2023_12:37:36	Esther
03-10-2023 12:42	update	03-10-2023_12:37:36	Esther
03-10-2023 12:50	insert	4533	Esther
03-10-2023 13:51	update	01-10-2023_12:50:08	Esther
03-10-2023 16:06	insert	03-10-2023_16:06:22	Esther
03-10-2023 16:08	ordered	03-10-2023_12:37:36	Esther
03-10-2023 16:08	ordered	03-10-2023_16:06:22	Esther
04-10-2023 10:11	update	4514	Esther
04-10-2023 11:27	mail	4518	Esther
04-10-2023 11:31	mail	4517	Esther
04-10-2023 13:12	contacted	29-09-2023_11:50:33	Esther
04-10-2023 14:20	contacted	01-10-2023_12:37:57	Nancy
04-10-2023 15:38	fetched	4527	Nancy
04-10-2023 15:39	call	4520	Nancy
04-10-2023 15:40	update	4520	Nancy
05-10-2023 11:21	fetched	4518	Ellen
05-10-2023 12:17	contacted	22-09-2023_15:19:11	Ellen
05-10-2023 12:45	contacted	30-09-2023_15:24:14	Ilona
05-10-2023 15:49	fetched	16-09-2023_16:14:08	Ellen
06-10-2023 10:24	insert	4536	Dennis
06-10-2023 11:00	insert	4537	Ellen
06-10-2023 11:42	contacted	03-10-2023_12:37:36	Ellen
06-10-2023 11:42	fetched	29-08-2023_12:13:19	Ellen
06-10-2023 11:43	fetched	29-08-2023_12:36:42	Ellen
06-10-2023 11:43	contacted	03-10-2023_16:06:22	Ellen
06-10-2023 12:29	update	4531	Esther
06-10-2023 16:48	insert	4538	Ellen
06-10-2023 16:50	update	4538	Ellen
07-10-2023 10:18	contacted	22-09-2023_15:33:11	Ellen
07-10-2023 10:18	fetched	22-09-2023_15:33:11	Ellen
07-10-2023 10:51	update	4412	Jaimy
07-10-2023 11:11	fetched	4520	Dennis
07-10-2023 11:21	update	1234	Jaimy
07-10-2023 11:21	mail	1234	Jaimy
07-10-2023 11:35	update	4412	Jaimy
07-10-2023 12:39	fetched	29-08-2023_12:41:11	Jaimy
07-10-2023 13:22	fetched	03-10-2023_12:37:36	Jaimy
07-10-2023 13:28	contacted	26-09-2023_16:04:57	Jaimy
07-10-2023 14:13	fetched	4517	Dennis
07-10-2023 14:56	insert	07-10-2023_14:56:31	Esther
07-10-2023 15:17	update	4511	Jaimy
07-10-2023 16:37	fetched	03-10-2023_16:06:22	Esther
08-10-2023 12:12	fetched	1234	Fleur
08-10-2023 12:23	insert	1234	Jaimy
08-10-2023 12:23	fetched	1234	Jaimy
08-10-2023 14:58	insert	08-10-2023_14:58:44	Jaimy
08-10-2023 14:59	ordered	08-10-2023_14:58:44	Jaimy
08-10-2023 15:04	fetched	01-10-2023_12:37:57	Jaimy
08-10-2023 15:48	insert	08-10-2023_15:48:55	Jaimy
08-10-2023 16:51	insert	4539	Jaimy
09-10-2023 12:44	ordered	02-10-2023_17:25:47	Esther
09-10-2023 16:56	insert	4540	Esther
10-10-2023 10:59	ordered	08-10-2023_15:48:55	Esther
10-10-2023 10:59	ordered	07-10-2023_14:56:31	Esther
10-10-2023 11:19	ordered	30-09-2023_10:36:04	Esther
10-10-2023 11:20	update	30-09-2023_10:36:04	Esther
10-10-2023 12:39	mail	4531	Esther
10-10-2023 13:52	contacted	02-10-2023_17:25:47	Monique
10-10-2023 14:48	fetched	02-10-2023_17:25:47	Monique
10-10-2023 14:48	fetched	26-09-2023_16:04:57	Monique
10-10-2023 14:49	update	4539	Monique
10-10-2023 16:20	insert	4541	Monique
11-10-2023 09:59	call	4500	Jaimy
11-10-2023 10:01	mail	4509	Jaimy
11-10-2023 10:22	contacted	08-10-2023_14:58:44	Jaimy
11-10-2023 11:36	fetched	4536	Jaimy
11-10-2023 11:49	fetched	30-09-2023_15:24:14	Jaimy
11-10-2023 12:26	update	30-09-2023_10:36:04	Ellen
11-10-2023 12:28	update	30-09-2023_10:36:04	Ellen
11-10-2023 13:37	update	01-10-2023_14:46:13	Jaimy
11-10-2023 13:39	update	01-10-2023_14:46:13	Jaimy
11-10-2023 13:40	contacted	01-10-2023_14:46:13	Jaimy
11-10-2023 15:12	insert	11-10-2023_15:12:40	Ellen
11-10-2023 15:12	ordered	11-10-2023_15:12:40	Ellen
11-10-2023 15:27	update	30-09-2023_10:36:04	Ellen
12-10-2023 10:19	insert	12-10-2023_10:19:16	Ellen
12-10-2023 10:23	fetched	12-10-2023_10:19:16	Ellen
12-10-2023 11:31	fetched	4500	Dennis
12-10-2023 13:09	insert	4542	Ellen
12-10-2023 17:11	fetched	4412	Ilona
12-10-2023 17:22	fetched	01-10-2023_14:46:13	Ilona
13-10-2023 11:28	fetched	29-09-2023_11:50:33	Nancy
13-10-2023 12:41	contacted	11-10-2023_15:12:40	Esther
13-10-2023 14:15	fetched	4509	Nancy
14-10-2023 09:40	insert	14-10-2023_09:40:31	Esther
14-10-2023 09:46	update	14-10-2023_09:40:31	Esther
14-10-2023 10:23	update	4537	Ellen
14-10-2023 10:23	mail	4537	Ellen
14-10-2023 10:26	fetched	4533	Ellen
14-10-2023 10:39	update	08-10-2023_15:48:55	Ellen
14-10-2023 10:39	contacted	08-10-2023_15:48:55	Ellen
14-10-2023 10:50	contacted	07-10-2023_14:56:31	Ellen
14-10-2023 11:02	fetched	30-09-2023_10:36:04	Ellen
14-10-2023 11:05	insert	14-10-2023_11:05:51	Ellen
14-10-2023 11:14	update	14-10-2023_11:05:51	Ellen
14-10-2023 11:28	insert	4545	Ellen
14-10-2023 12:08	insert	14-10-2023_12:08:55	Ellen
14-10-2023 14:02	fetched	08-10-2023_14:58:44	Ellen
14-10-2023 14:40	insert	14-10-2023_14:40:50	Jaimy
14-10-2023 15:14	update	4538	Ellen
14-10-2023 16:28	insert	4546	Dennis
14-10-2023 16:51	insert	14-10-2023_16:51:43	Esther
15-10-2023 14:54	fetched	4531	Dennis
16-10-2023 12:43	ordered	14-10-2023_11:05:51	Esther
16-10-2023 12:45	ordered	14-10-2023_14:40:50	Esther
16-10-2023 12:50	fetched	01-10-2023_12:50:08	Ilona
16-10-2023 12:50	fetched	09-09-2023_15:48:09	Ilona
16-10-2023 12:50	fetched	22-09-2023_15:19:11	Ilona
17-10-2023 10:11	fetched	4537	Esther
17-10-2023 10:33	ordered	14-10-2023_12:08:55	Ilona
17-10-2023 10:41	update	24-09-2023_13:21:38	Monique
17-10-2023 10:46	ordered	14-10-2023_16:51:43	Ilona
17-10-2023 11:13	insert	4547	Esther
17-10-2023 11:33	ordered	14-10-2023_09:40:31	Esther
17-10-2023 14:02	update	4547	Esther
17-10-2023 14:03	update	4547	Esther
17-10-2023 14:16	insert	4548	Esther
17-10-2023 14:35	insert	4550	Esther
18-10-2023 12:50	call	4546	Esther
18-10-2023 12:51	update	14-10-2023_14:40:50	Ellen
18-10-2023 12:51	contacted	14-10-2023_14:40:50	Ellen
19-10-2023 10:22	update	4539	Dennis
19-10-2023 10:23	mail	4539	Dennis
19-10-2023 10:28	fetched	4484	Dennis
19-10-2023 11:54	update	4548	Dennis
19-10-2023 13:21	update	4446	Jaimy
19-10-2023 13:21	fetched	4446	Jaimy
19-10-2023 16:33	insert	4552	Dennis
19-10-2023 16:53	contacted	14-10-2023_12:08:55	Ellen
20-10-2023 10:07	update	4542	Ellen
20-10-2023 10:08	mail	4542	Ellen
20-10-2023 10:42	update	4538	Ellen
20-10-2023 10:42	call	4538	Ellen
20-10-2023 11:04	fetched	4538	Ellen
20-10-2023 11:08	update	4541	Ellen
20-10-2023 11:08	mail	4541	Ellen
20-10-2023 11:12	update	4545	Ellen
20-10-2023 11:12	mail	4545	Ellen
20-10-2023 11:18	update	4550	Ellen
20-10-2023 11:18	call	4550	Ellen
20-10-2023 11:26	update	4540	Esther
20-10-2023 11:27	mail	4540	Esther
20-10-2023 13:24	insert	20-10-2023_13:24:31	Esther
20-10-2023 13:45	insert	4553	Nancy
20-10-2023 13:55	contacted	14-10-2023_11:05:51	Nancy
20-10-2023 14:10	contacted	14-10-2023_09:40:31	Esther
20-10-2023 15:02	fetched	07-10-2023_14:56:31	Dennis
20-10-2023 15:16	insert	4554	Dennis
20-10-2023 15:19	update	4553	Dennis
20-10-2023 15:49	update	4511	Esther
20-10-2023 16:02	fetched	14-10-2023_09:40:31	Dennis
20-10-2023 16:12	insert	4555	Esther
20-10-2023 16:40	contacted	14-10-2023_16:51:43	Dennis
21-10-2023 10:10	fetched	14-10-2023_11:05:51	Ellen
21-10-2023 11:51	update	4555	Jaimy
21-10-2023 12:40	insert	4556	Jaimy
21-10-2023 13:04	fetched	4545	Jaimy
21-10-2023 13:49	insert	4557	Ellen
21-10-2023 15:32	mail	4547	Jaimy
21-10-2023 15:56	insert	21-10-2023_15:56:50	Jaimy
22-10-2023 13:52	insert	22-10-2023_13:52:30	Esther
22-10-2023 14:28	insert	4560	Fleur
22-10-2023 14:29	update	4560	Fleur
22-10-2023 14:31	update	4560	Fleur
22-10-2023 14:34	update	4560	Fleur
22-10-2023 14:41	fetched	4505	Fleur
22-10-2023 14:50	ordered	20-10-2023_13:24:31	Fleur
22-10-2023 14:55	insert	22-10-2023_14:55:06	Fleur
22-10-2023 14:55	ordered	22-10-2023_14:55:06	Fleur
22-10-2023 14:59	update	4554	Fleur
22-10-2023 14:59	update	4554	Fleur
22-10-2023 15:15	fetched	4550	Esther
22-10-2023 15:47	insert	22-10-2023_15:47:29	Esther
23-10-2023 13:24	insert	23-10-2023_13:24:52	Ilona
23-10-2023 16:15	insert	23-10-2023_16:15:57	Ilona
24-10-2023 10:25	insert	24-10-2023_10:25:25	Esther
24-10-2023 10:32	update	24-10-2023_10:25:25	Esther
24-10-2023 10:32	update	24-10-2023_10:25:25	Esther
24-10-2023 10:40	insert	24-10-2023_10:40:22	Esther
24-10-2023 10:42	ordered	23-10-2023_13:24:52	Ilona
24-10-2023 10:59	update	22-10-2023_15:47:29	Esther
24-10-2023 10:59	update	22-10-2023_15:47:29	Esther
24-10-2023 11:00	insert	24-10-2023_11:00:23	Esther
24-10-2023 11:01	fetched	24-10-2023_11:00:23	Monique
24-10-2023 11:02	ordered	24-10-2023_10:25:25	Monique
24-10-2023 11:53	ordered	23-10-2023_16:15:57	Ilona
24-10-2023 12:24	update	20-10-2023_13:24:31	Esther
24-10-2023 12:26	contacted	22-10-2023_14:55:06	Esther
24-10-2023 12:26	contacted	20-10-2023_13:24:31	Esther
24-10-2023 13:19	insert	4562	Dennis
24-10-2023 14:31	fetched	4541	Dennis
24-10-2023 15:27	fetched	08-10-2023_15:48:55	Ilona
24-10-2023 16:14	insert	4563	Ilona
24-10-2023 16:15	fetched	4563	Ilona
24-10-2023 16:15	update	4562	Ilona
25-10-2023 12:00	insert	25-10-2023_12:00:57	Esther
25-10-2023 12:03	ordered	25-10-2023_12:00:57	Esther
25-10-2023 12:27	fetched	4542	Esther
25-10-2023 12:27	fetched	20-10-2023_13:24:31	Esther
25-10-2023 12:57	update	23-10-2023_16:15:57	Ellen
25-10-2023 13:12	contacted	23-10-2023_16:15:57	Ellen
25-10-2023 13:12	fetched	23-10-2023_16:15:57	Ellen
25-10-2023 13:13	fetched	14-10-2023_12:08:55	Ellen
25-10-2023 14:29	contacted	23-10-2023_13:24:52	Ellen
25-10-2023 14:48	update	24-10-2023_10:25:25	Esther
25-10-2023 14:50	update	24-10-2023_10:25:25	Esther
25-10-2023 16:57	insert	25-10-2023_16:57:35	Ellen
25-10-2023 17:17	insert	4565	Ellen
26-10-2023 11:53	insert	26-10-2023_11:53:39	Ilona
26-10-2023 12:25	fetched	14-10-2023_14:40:50	Ellen
26-10-2023 14:16	fetched	23-10-2023_13:24:52	Ellen
26-10-2023 14:31	update	4555	Ilona
26-10-2023 14:39	insert	4567	Ilona
26-10-2023 16:01	insert	4569	Ilona
27-10-2023 10:50	call	4548	Esther
27-10-2023 10:59	mail	4560	Esther
27-10-2023 11:13	fetched	14-10-2023_16:51:43	Esther
27-10-2023 11:21	update	4554	Esther
27-10-2023 11:21	call	4554	Esther
27-10-2023 11:59	mail	4553	Esther
27-10-2023 11:59	mail	4557	Esther
27-10-2023 12:01	call	4553	Esther
27-10-2023 12:13	update	4565	Esther
27-10-2023 12:13	call	4565	Esther
27-10-2023 12:15	fetched	4556	Esther
27-10-2023 12:46	insert	27-10-2023_12:46:11	Ellen
27-10-2023 13:00	update	4555	Ellen
27-10-2023 13:00	call	4555	Ellen
27-10-2023 13:28	update	4555	Esther
27-10-2023 13:31	fetched	4553	Esther
27-10-2023 14:20	update	4546	Esther
27-10-2023 14:20	fetched	4546	Esther
27-10-2023 14:33	contacted	25-10-2023_12:00:57	Ellen
27-10-2023 15:13	ordered	27-10-2023_12:46:11	Ellen
27-10-2023 15:16	insert	27-10-2023_15:16:52	Ellen
27-10-2023 15:40	insert	27-10-2023_15:40:12	Fleur
27-10-2023 17:17	fetched	4539	Esther
27-10-2023 17:17	fetched	4540	Esther
28-10-2023 09:52	fetched	22-10-2023_14:55:06	Jaimy
28-10-2023 10:54	fetched	29-09-2023_14:35:50	Jaimy
28-10-2023 10:55	fetched	29-08-2023_11:41:12	Jaimy
28-10-2023 10:58	fetched	24-09-2023_13:21:38	Jaimy
28-10-2023 11:28	fetched	4562	Jaimy
28-10-2023 12:22	fetched	4557	Jaimy
28-10-2023 13:02	fetched	25-10-2023_12:00:57	Esther
28-10-2023 14:38	insert	28-10-2023_14:38:15	Ellen
28-10-2023 14:39	update	28-10-2023_14:38:15	Ellen
28-10-2023 16:07	fetched	4565	Esther
28-10-2023 16:43	insert	4571	Esther
29-10-2023 12:17	fetched	4560	Dennis
29-10-2023 12:21	insert	4572	Jaimy
29-10-2023 14:51	insert	4573	Jaimy
29-10-2023 14:59	insert	29-10-2023_14:59:17	Jaimy
29-10-2023 15:44	update	29-10-2023_14:59:17	Dennis
30-10-2023 12:34	ordered	27-10-2023_15:16:52	Ilona
30-10-2023 12:34	ordered	22-10-2023_15:47:29	Ilona
30-10-2023 14:51	insert	30-10-2023_14:51:22	Esther
30-10-2023 15:11	insert	30-10-2023_15:11:29	Esther
31-10-2023 11:30	ordered	28-10-2023_14:38:15	Esther
31-10-2023 12:40	update	24-09-2023_16:56:44	Esther
31-10-2023 12:48	update	24-09-2023_16:56:44	Esther
31-10-2023 12:48	fetched	24-09-2023_16:56:44	Esther
31-10-2023 13:07	ordered	30-10-2023_15:11:29	Esther
31-10-2023 13:43	insert	31-10-2023_13:43:42	Dennis
31-10-2023 14:02	fetched	27-10-2023_12:46:11	Esther
31-10-2023 14:02	ordered	29-10-2023_14:59:17	Dennis
31-10-2023 14:02	ordered	31-10-2023_13:43:42	Dennis
31-10-2023 14:09	insert	4574	Dennis
31-10-2023 14:12	fetched	4547	Dennis
31-10-2023 14:14	contacted	27-10-2023_15:16:52	Dennis
31-10-2023 16:27	insert	31-10-2023_16:27:42	Esther
01-11-2023 10:18	update	4572	Esther
01-11-2023 10:18	call	4572	Esther
01-11-2023 11:46	call	4552	Ellen
01-11-2023 13:20	fetched	4548	Esther
01-11-2023 13:54	contacted	29-10-2023_14:59:17	Esther
01-11-2023 13:55	contacted	31-10-2023_13:43:42	Esther
01-11-2023 16:57	insert	01-11-2023_16:57:32	Ellen
02-11-2023 11:40	contacted	31-10-2023_13:43:42	Ellen
03-11-2023 09:46	fetched	27-10-2023_15:16:52	Esther
03-11-2023 10:34	insert	4577	Ellen
03-11-2023 11:44	fetched	4571	Esther
03-11-2023 15:14	insert	03-11-2023_15:14:55	Ellen
04-11-2023 09:41	mail	4573	Jaimy
04-11-2023 09:46	update	4567	Jaimy
04-11-2023 10:07	call	4567	Esther
04-11-2023 11:29	insert	04-11-2023_11:29:18	Dennis
04-11-2023 11:47	insert	4580	Dennis
04-11-2023 11:53	update	31-10-2023_13:43:42	Dennis
04-11-2023 12:24	fetched	31-10-2023_13:43:42	Jaimy
04-11-2023 12:25	fetched	29-10-2023_14:59:17	Jaimy
04-11-2023 12:38	insert	04-11-2023_12:38:04	Jaimy
04-11-2023 12:40	update	04-11-2023_12:38:04	Jaimy
04-11-2023 12:57	update	04-11-2023_11:29:18	Jaimy
04-11-2023 13:34	fetched	4572	Jaimy
04-11-2023 15:25	insert	04-11-2023_15:25:32	Dennis
04-11-2023 16:15	mail	4469	Jaimy
04-11-2023 16:56	insert	04-11-2023_16:56:55	Jaimy
05-11-2023 13:15	fetched	4554	Jaimy
06-11-2023 12:39	insert	06-11-2023_12:39:00	Ellen
06-11-2023 12:40	ordered	06-11-2023_12:39:00	Ellen
06-11-2023 13:46	insert	06-11-2023_13:46:36	Ilona
07-11-2023 11:15	ordered	01-11-2023_16:57:32	Ilona
07-11-2023 11:17	ordered	04-11-2023_15:25:32	Ilona
07-11-2023 11:19	fetched	04-11-2023_15:25:32	Ilona
07-11-2023 11:59	ordered	25-10-2023_16:57:35	Ilona
07-11-2023 12:04	ordered	04-11-2023_16:56:55	Ilona
07-11-2023 12:08	update	21-10-2023_15:56:50	Ilona
07-11-2023 12:47	ordered	24-10-2023_10:40:22	Esther
07-11-2023 12:57	ordered	06-11-2023_13:46:36	Esther
07-11-2023 14:31	fetched	4573	Esther
08-11-2023 09:42	contacted	06-11-2023_12:39:00	Ellen
08-11-2023 11:13	contacted	04-11-2023_16:56:55	Esther
08-11-2023 11:28	fetched	12-09-2023_10:25:07	Ellen
08-11-2023 17:03	insert	08-11-2023_17:03:01	Nancy
09-11-2023 09:51	ordered	04-11-2023_11:29:18	Ellen
09-11-2023 09:51	ordered	04-11-2023_12:38:04	Ellen
09-11-2023 13:24	contacted	25-10-2023_16:57:35	Ellen
09-11-2023 13:26	contacted	08-11-2023_17:03:01	Ellen
09-11-2023 13:29	contacted	29-08-2023_11:51:45	Ellen
09-11-2023 14:33	contacted	04-11-2023_11:29:18	Ellen
09-11-2023 14:39	contacted	04-11-2023_12:38:04	Ellen
09-11-2023 16:17	update	4574	Ellen
09-11-2023 16:17	mail	4574	Ellen
09-11-2023 16:40	insert	09-11-2023_16:40:35	Ellen
09-11-2023 16:40	ordered	09-11-2023_16:40:35	Ellen
10-11-2023 10:58	fetched	4574	Esther
10-11-2023 11:10	contacted	24-10-2023_10:40:22	Esther
10-11-2023 11:12	fetched	06-11-2023_12:39:00	Ellen
10-11-2023 11:22	contacted	06-11-2023_13:46:36	Esther
10-11-2023 13:12	insert	10-11-2023_13:12:40	Dennis
10-11-2023 14:21	fetched	4555	Esther
10-11-2023 14:21	fetched	4567	Esther
10-11-2023 14:27	fetched	29-08-2023_11:51:45	Ellen
10-11-2023 14:27	fetched	08-11-2023_17:03:01	Ellen
10-11-2023 14:38	insert	4583	Esther
10-11-2023 15:30	fetched	25-10-2023_16:57:35	Ellen
10-11-2023 15:36	insert	10-11-2023_15:36:09	Dennis
10-11-2023 15:55	update	22-10-2023_15:47:29	Ellen
10-11-2023 16:00	update	10-11-2023_15:36:09	Ellen
11-11-2023 11:49	fetched	04-11-2023_12:38:04	Jaimy
11-11-2023 12:50	fetched	06-11-2023_13:46:36	Ellen
11-11-2023 12:50	fetched	24-10-2023_10:40:22	Esther
11-11-2023 13:17	insert	11-11-2023_13:17:12	Dennis
11-11-2023 13:40	insert	4584	Dennis
11-11-2023 13:42	update	4584	Dennis
11-11-2023 13:43	update	4584	Dennis
11-11-2023 13:43	insert	4585	Esther
11-11-2023 13:45	update	4585	Esther
11-11-2023 14:55	insert	4586	Esther
11-11-2023 14:56	update	4586	Esther
11-11-2023 16:03	insert	11-11-2023_16:03:24	Esther
13-11-2023 12:47	insert	13-11-2023_12:47:24	Ilona
13-11-2023 12:51	ordered	13-11-2023_12:47:24	Ilona
13-11-2023 12:54	ordered	10-11-2023_15:36:09	Ilona
13-11-2023 12:56	ordered	10-11-2023_15:36:09	Ilona
13-11-2023 13:30	insert	13-11-2023_13:30:40	Esther
13-11-2023 13:33	update	4514	Esther
13-11-2023 14:53	update	09-11-2023_16:40:35	Esther
13-11-2023 14:53	contacted	09-11-2023_16:40:35	Esther
13-11-2023 15:39	insert	4587	Esther
13-11-2023 15:42	update	4587	Nancy
13-11-2023 16:15	fetched	4469	Esther
13-11-2023 16:43	insert	13-11-2023_16:43:11	Nancy
13-11-2023 16:43	update	13-11-2023_16:43:11	Nancy
13-11-2023 16:43	update	13-11-2023_16:43:11	Nancy
14-11-2023 10:44	ordered	13-11-2023_16:43:11	Ilona
14-11-2023 10:56	ordered	11-11-2023_16:03:24	Esther
14-11-2023 11:00	ordered	13-11-2023_13:30:40	Esther
14-11-2023 14:49	ordered	21-10-2023_15:56:50	Esther
14-11-2023 14:49	ordered	03-11-2023_15:14:55	Esther
16-11-2023 10:27	update	10-11-2023_13:12:40	Ellen
16-11-2023 10:29	update	10-11-2023_13:12:40	Ellen
16-11-2023 10:30	update	10-11-2023_13:12:40	Ellen
16-11-2023 10:31	ordered	10-11-2023_13:12:40	Ellen
16-11-2023 11:07	contacted	13-11-2023_12:47:24	Ellen
16-11-2023 12:42	fetched	04-11-2023_11:29:18	Ellen
16-11-2023 16:08	insert	4593	Dennis
17-11-2023 10:17	call	4577	Esther
17-11-2023 10:52	update	4583	Esther
17-11-2023 10:52	call	4583	Esther
17-11-2023 11:01	mail	4585	Esther
17-11-2023 11:01	mail	4585	Esther
17-11-2023 11:02	mail	4586	Esther
17-11-2023 11:08	mail	4587	Esther
17-11-2023 11:13	mail	4511	Esther
17-11-2023 11:16	update	4593	Esther
17-11-2023 11:16	mail	4429	Esther
17-11-2023 13:19	ordered	22-10-2023_13:52:30	Esther
17-11-2023 13:19	ordered	27-10-2023_15:40:12	Esther
17-11-2023 15:11	insert	17-11-2023_15:11:15	Ellen
17-11-2023 15:13	update	17-11-2023_15:11:15	Ellen
17-11-2023 15:38	insert	4596	Ellen
17-11-2023 16:26	contacted	03-11-2023_15:14:55	Esther
17-11-2023 16:30	contacted	21-10-2023_15:56:50	Esther
17-11-2023 16:34	contacted	22-10-2023_15:47:29	Esther
17-11-2023 16:39	contacted	11-11-2023_13:17:12	Esther
18-11-2023 09:33	fetched	11-11-2023_13:17:12	Jaimy
18-11-2023 09:34	update	13-11-2023_13:30:40	Jaimy
18-11-2023 11:10	fetched	4586	Jaimy
18-11-2023 11:17	update	4587	Jaimy
18-11-2023 11:17	mail	4587	Jaimy
18-11-2023 11:37	fetched	4583	Jaimy
18-11-2023 11:45	fetched	4577	Ellen
18-11-2023 11:46	fetched	4569	Ellen
18-11-2023 11:46	fetched	4552	Ellen
18-11-2023 11:58	contacted	13-11-2023_13:30:40	Ellen
18-11-2023 12:00	update	11-11-2023_16:03:24	Esther
18-11-2023 12:14	insert	18-11-2023_12:14:25	Dennis
18-11-2023 12:31	fetched	4585	Ellen
18-11-2023 13:10	fetched	13-11-2023_12:47:24	Esther
18-11-2023 14:21	contacted	30-10-2023_15:11:29	Ellen
18-11-2023 14:25	insert	4597	Ellen
18-11-2023 15:30	fetched	09-11-2023_16:40:35	Ellen
19-11-2023 13:55	insert	19-11-2023_13:55:31	Esther
19-11-2023 14:11	insert	4599	Jesper
19-11-2023 14:13	update	4599	Jesper
19-11-2023 14:20	update	4599	Jesper
19-11-2023 14:47	fetched	03-11-2023_15:14:55	Esther
19-11-2023 16:22	insert	4600	Esther
19-11-2023 16:25	fetched	4600	Fleur
20-11-2023 12:53	update	4580	Ellen
20-11-2023 13:25	call	4599	Ellen
21-11-2023 10:52	ordered	18-11-2023_12:14:25	Esther
21-11-2023 11:00	ordered	19-11-2023_13:55:31	Esther
21-11-2023 12:14	insert	4602	Esther
21-11-2023 12:42	insert	4603	Esther
21-11-2023 16:47	update	4580	Ilona
21-11-2023 16:47	mail	4580	Ilona
22-11-2023 11:09	contacted	13-11-2023_16:43:11	Ellen
22-11-2023 11:36	insert	22-11-2023_11:36:59	Esther
22-11-2023 11:43	contacted	10-11-2023_13:12:40	Ellen
22-11-2023 11:51	update	22-11-2023_11:36:59	Esther
22-11-2023 11:52	update	22-11-2023_11:36:59	Esther
22-11-2023 12:14	update	31-10-2023_16:27:42	Esther
22-11-2023 13:15	update	4596	Esther
22-11-2023 13:15	update	4596	Esther
22-11-2023 13:16	call	4596	Esther
22-11-2023 14:27	fetched	4599	Nancy
22-11-2023 16:13	update	01-11-2023_16:57:32	Esther
22-11-2023 16:13	contacted	01-11-2023_16:57:32	Esther
22-11-2023 16:19	update	31-10-2023_16:27:42	Esther
22-11-2023 17:02	ordered	22-11-2023_11:36:59	Esther
22-11-2023 17:22	fetched	01-11-2023_16:57:32	Esther
23-11-2023 11:06	insert	4604	Ellen
23-11-2023 12:02	update	22-11-2023_11:36:59	Ellen
23-11-2023 15:14	insert	23-11-2023_15:14:43	Ellen
23-11-2023 15:14	ordered	23-11-2023_15:14:43	Ellen
23-11-2023 15:59	insert	4605	Ilona
24-11-2023 11:05	fetched	4584	Esther
24-11-2023 11:38	insert	24-11-2023_11:38:47	Dennis
24-11-2023 11:39	update	24-11-2023_11:38:47	Dennis
24-11-2023 12:04	call	4593	Dennis
24-11-2023 12:05	update	4593	Dennis
24-11-2023 13:34	fetched	11-11-2023_16:03:24	Dennis
24-11-2023 13:42	insert	24-11-2023_13:42:03	Esther
24-11-2023 13:42	update	24-11-2023_13:42:03	Esther
24-11-2023 13:42	ordered	24-11-2023_13:42:03	Esther
24-11-2023 13:51	insert	4606	Ellen
24-11-2023 14:02	update	24-11-2023_13:42:03	Dennis
24-11-2023 14:02	update	24-11-2023_13:42:03	Dennis
24-11-2023 14:04	update	24-11-2023_13:42:03	Dennis
24-11-2023 14:09	update	24-11-2023_13:42:03	Dennis
24-11-2023 14:56	insert	24-11-2023_14:56:43	Esther
24-11-2023 15:50	update	4602	Dennis
24-11-2023 16:13	fetched	13-11-2023_13:30:40	Dennis
24-11-2023 16:35	insert	24-11-2023_16:35:49	Ellen
25-11-2023 11:11	fetched	18-11-2023_12:14:25	Ellen
25-11-2023 13:16	insert	25-11-2023_13:16:43	Esther
25-11-2023 14:23	fetched	21-10-2023_15:56:50	Fleur
25-11-2023 14:30	fetched	4429	Jaimy
25-11-2023 15:32	insert	25-11-2023_15:32:06	Esther
25-11-2023 15:32	update	25-11-2023_15:32:06	Esther
25-11-2023 15:32	update	25-11-2023_15:32:06	Esther
25-11-2023 16:02	fetched	10-11-2023_13:12:40	Fleur
26-11-2023 12:48	insert	26-11-2023_12:48:15	Ellen
26-11-2023 12:51	update	4596	Jaimy
26-11-2023 13:34	fetched	4580	Jaimy
26-11-2023 16:28	insert	4609	Ellen
26-11-2023 16:31	update	4609	Ellen
27-11-2023 12:28	fetched	31-10-2023_16:27:42	Esther
27-11-2023 12:52	contacted	19-11-2023_13:55:31	Esther
27-11-2023 14:13	fetched	04-11-2023_16:56:55	Esther
27-11-2023 14:22	update	25-11-2023_13:16:43	Esther
27-11-2023 14:22	ordered	24-11-2023_11:38:47	Esther
27-11-2023 14:34	insert	27-11-2023_14:34:00	Esther
27-11-2023 16:07	fetched	25-11-2023_13:16:43	Esther
28-11-2023 10:23	insert	28-11-2023_10:23:52	Esther
28-11-2023 10:30	ordered	26-11-2023_12:48:15	Ilona
28-11-2023 10:49	ordered	17-11-2023_15:11:15	Ilona
28-11-2023 10:50	ordered	24-11-2023_14:56:43	Ilona
28-11-2023 10:51	ordered	25-11-2023_15:32:06	Ilona
28-11-2023 12:07	insert	28-11-2023_12:07:06	Ilona
28-11-2023 14:40	ordered	27-11-2023_14:34:00	Esther
28-11-2023 14:42	update	28-11-2023_12:07:06	Esther
28-11-2023 14:42	fetched	28-11-2023_12:07:06	Esther
28-11-2023 15:20	insert	28-11-2023_15:20:46	Dennis
28-11-2023 15:21	ordered	28-11-2023_15:20:46	Dennis
28-11-2023 15:21	ordered	28-11-2023_15:20:46	Dennis
29-11-2023 10:26	fetched	22-10-2023_15:47:29	Ellen
29-11-2023 10:27	fetched	30-10-2023_14:51:22	Ellen
29-11-2023 10:28	fetched	30-10-2023_15:11:29	Ellen
29-11-2023 11:58	update	4587	Esther
29-11-2023 12:00	insert	4614	Nancy
29-11-2023 12:06	insert	29-11-2023_12:06:12	Esther
29-11-2023 12:10	ordered	29-11-2023_12:06:12	Esther
29-11-2023 12:10	update	28-11-2023_10:23:52	Esther
29-11-2023 12:11	update	28-11-2023_10:23:52	Esther
29-11-2023 12:12	update	28-11-2023_10:23:52	Esther
29-11-2023 12:12	update	24-11-2023_13:42:03	Esther
29-11-2023 12:34	contacted	26-11-2023_12:48:15	Nancy
29-11-2023 14:31	insert	29-11-2023_14:31:54	Esther
29-11-2023 14:51	ordered	29-11-2023_14:31:54	Esther
29-11-2023 15:19	contacted	27-10-2023_15:40:12	Esther
29-11-2023 15:20	contacted	22-10-2023_13:52:30	Esther
29-11-2023 15:59	insert	29-11-2023_15:59:43	Ellen
29-11-2023 16:54	fetched	29-11-2023_14:31:54	Esther
30-11-2023 10:27	call	4597	Ellen
30-11-2023 10:28	update	4597	Ellen
30-11-2023 12:27	insert	30-11-2023_12:27:30	Ilona
30-11-2023 14:00	contacted	25-11-2023_15:32:06	Dennis
30-11-2023 15:03	insert	4613	Ellen
30-11-2023 16:07	contacted	24-11-2023_14:56:43	Ellen
30-11-2023 17:03	contacted	27-11-2023_14:34:00	Ellen
01-12-2023 10:08	update	4597	Ellen
01-12-2023 10:08	fetched	4597	Ellen
01-12-2023 11:39	update	4602	Esther
01-12-2023 11:40	fetched	4602	Esther
01-12-2023 11:40	mail	4606	Esther
01-12-2023 11:43	call	4603	Esther
01-12-2023 11:43	update	4603	Esther
01-12-2023 12:35	fetched	13-11-2023_16:43:11	Ellen
01-12-2023 12:45	fetched	4603	Esther
01-12-2023 13:30	insert	01-12-2023_13:30:08	Ellen
01-12-2023 15:15	update	4614	Ellen
01-12-2023 15:21	fetched	4604	Esther
01-12-2023 16:09	insert	01-12-2023_16:09:08	Ellen
01-12-2023 16:12	update	29-11-2023_15:59:43	Esther
01-12-2023 16:27	contacted	17-11-2023_15:11:15	Esther
02-12-2023 09:44	update	4605	Jaimy
02-12-2023 09:51	update	4609	Jaimy
02-12-2023 09:56	update	4613	Jaimy
02-12-2023 10:16	fetched	24-11-2023_14:56:43	Ellen
02-12-2023 10:25	fetched	19-11-2023_13:55:31	Dennis
02-12-2023 11:38	fetched	17-11-2023_15:11:15	Ellen
02-12-2023 11:38	fetched	26-11-2023_12:48:15	Ellen
02-12-2023 12:11	insert	4621	Jaimy
02-12-2023 12:11	fetched	4593	Ellen
02-12-2023 12:12	fetched	4605	Ellen
02-12-2023 15:40	insert	02-12-2023_15:40:46	Ellen
02-12-2023 15:52	fetched	25-11-2023_15:32:06	Ellen
02-12-2023 15:59	update	02-12-2023_15:40:46	Ellen
02-12-2023 16:16	fetched	4456	Jaimy
02-12-2023 16:18	ordered	02-12-2023_15:40:46	Jaimy
03-12-2023 12:32	fetched	4613	Jaimy
03-12-2023 13:29	fetched	27-11-2023_14:34:00	Jaimy
03-12-2023 15:28	insert	03-12-2023_15:28:33	Jaimy
03-12-2023 15:37	insert	03-12-2023_15:37:20	Jesper
03-12-2023 15:38	update	03-12-2023_15:37:20	Jaimy
03-12-2023 15:39	update	03-12-2023_15:37:20	Jesper
04-12-2023 13:10	ordered	29-11-2023_15:59:43	Esther
04-12-2023 13:10	ordered	01-12-2023_13:30:08	Esther
04-12-2023 15:17	insert	4623	Esther
04-12-2023 15:19	update	4623	Esther
04-12-2023 15:20	update	4623	Esther
04-12-2023 16:46	contacted	28-11-2023_15:20:46	Esther
05-12-2023 09:44	insert	4624	Ilona
05-12-2023 11:59	insert	4619	Esther
05-12-2023 12:44	insert	05-12-2023_12:44:48	Esther
05-12-2023 13:10	ordered	05-12-2023_12:44:48	Esther
05-12-2023 14:25	insert	4625	Esther
05-12-2023 14:44	contacted	24-11-2023_11:38:47	Esther
05-12-2023 14:47	contacted	24-11-2023_13:42:03	Esther
05-12-2023 14:47	contacted	29-11-2023_12:06:12	Esther
05-12-2023 14:56	update	24-11-2023_13:42:03	Esther
06-12-2023 10:32	ordered	29-11-2023_15:59:43	Esther
06-12-2023 10:32	contacted	29-11-2023_15:59:43	Esther
06-12-2023 12:36	fetched	4621	Esther
06-12-2023 13:27	fetched	29-11-2023_12:06:12	Esther
06-12-2023 14:11	update	24-10-2023_10:25:25	Dennis
06-12-2023 14:12	contacted	01-12-2023_13:30:08	Dennis
06-12-2023 14:16	contacted	05-12-2023_12:44:48	Dennis
06-12-2023 14:26	fetched	01-12-2023_13:30:08	Esther
06-12-2023 14:33	update	24-10-2023_10:25:25	Esther
06-12-2023 14:37	insert	06-12-2023_14:37:21	Esther
06-12-2023 14:42	insert	06-12-2023_14:42:33	Esther
06-12-2023 14:51	insert	06-12-2023_14:51:25	Esther
06-12-2023 15:27	fetched	29-11-2023_15:59:43	Esther
06-12-2023 16:10	fetched	28-11-2023_15:20:46	Fleur
06-12-2023 16:38	insert	4626	Dennis
07-12-2023 10:51	insert	4627	Ellen
07-12-2023 11:53	insert	07-12-2023_11:53:38	Ilona
07-12-2023 12:53	fetched	4606	Ellen
07-12-2023 12:56	fetched	05-12-2023_12:44:48	Ellen
07-12-2023 12:58	insert	07-12-2023_12:58:06	Ellen
07-12-2023 12:58	ordered	07-12-2023_12:58:06	Ellen
07-12-2023 14:17	insert	4629	Ilona
07-12-2023 14:48	contacted	02-12-2023_15:40:46	Ellen
08-12-2023 10:11	update	4514	Ellen
08-12-2023 10:12	update	4514	Ellen
08-12-2023 10:40	update	4624	Ellen
08-12-2023 10:41	mail	4624	Ellen
08-12-2023 10:41	update	4625	Ellen
08-12-2023 10:46	update	4625	Ellen
08-12-2023 10:46	call	4625	Ellen
08-12-2023 15:48	fetched	02-12-2023_15:40:46	Dennis
08-12-2023 15:57	insert	08-12-2023_15:57:00	Ellen
08-12-2023 16:02	insert	4630	Dennis
09-12-2023 10:32	call	4514	Esther
09-12-2023 10:49	insert	09-12-2023_10:49:25	Jaimy
09-12-2023 10:50	update	09-12-2023_10:49:25	Jaimy
09-12-2023 10:50	ordered	09-12-2023_10:49:25	Jaimy
09-12-2023 10:52	update	09-12-2023_10:49:25	Jaimy
09-12-2023 11:12	insert	09-12-2023_11:12:41	Ellen
09-12-2023 12:00	insert	4631	Esther
09-12-2023 12:13	insert	09-12-2023_12:13:11	Ellen
09-12-2023 12:54	update	09-12-2023_10:49:25	Jaimy
09-12-2023 13:23	insert	09-12-2023_13:23:56	Jaimy
09-12-2023 13:24	ordered	09-12-2023_13:23:56	Jaimy
09-12-2023 13:28	fetched	4609	Jaimy
09-12-2023 13:31	insert	09-12-2023_13:31:38	Esther
09-12-2023 14:08	insert	09-12-2023_14:08:34	Dennis
09-12-2023 14:08	ordered	09-12-2023_14:08:34	Dennis
09-12-2023 14:42	fetched	4624	Ellen
09-12-2023 15:52	insert	4633	Dennis
09-12-2023 16:07	fetched	4514	Dennis
09-12-2023 16:57	insert	09-12-2023_16:57:14	Dennis
09-12-2023 16:57	fetched	24-11-2023_11:38:47	Dennis
10-12-2023 13:47	insert	4635	Jesper
10-12-2023 13:49	update	4635	Jesper
11-12-2023 12:06	insert	11-12-2023_12:06:55	Esther
11-12-2023 12:54	update	22-11-2023_11:36:59	Esther
11-12-2023 12:54	update	22-11-2023_11:36:59	Esther
11-12-2023 13:26	ordered	26-10-2023_11:53:39	Ilona
11-12-2023 13:30	ordered	03-12-2023_15:37:20	Esther
11-12-2023 13:30	ordered	08-12-2023_15:57:00	Esther
11-12-2023 13:56	ordered	09-12-2023_11:12:41	Ilona
11-12-2023 14:09	insert	11-12-2023_14:09:47	Esther
11-12-2023 14:10	fetched	10-11-2023_15:36:09	Esther
11-12-2023 14:20	ordered	07-12-2023_11:53:38	Ilona
11-12-2023 14:21	ordered	09-12-2023_16:57:14	Ilona
11-12-2023 15:01	update	4619	Esther
11-12-2023 15:50	insert	11-12-2023_15:50:11	Esther
11-12-2023 16:31	update	09-12-2023_13:31:38	Esther
11-12-2023 16:34	update	11-12-2023_15:50:11	Esther
12-12-2023 10:25	insert	4632	Ilona
12-12-2023 11:29	fetched	11-12-2023_12:06:55	Esther
12-12-2023 11:35	insert	12-12-2023_11:35:03	Ilona
12-12-2023 12:01	update	06-12-2023_14:42:33	Ilona
12-12-2023 12:01	ordered	24-11-2023_16:35:49	Ilona
12-12-2023 12:01	ordered	28-11-2023_10:23:52	Ilona
12-12-2023 12:01	update	09-12-2023_10:49:25	Ilona
12-12-2023 12:02	ordered	06-12-2023_14:37:21	Ilona
12-12-2023 12:02	ordered	06-12-2023_14:51:25	Ilona
12-12-2023 12:02	ordered	09-12-2023_13:31:38	Ilona
12-12-2023 12:02	ordered	11-12-2023_15:50:11	Ilona
12-12-2023 12:03	update	4630	Ilona
12-12-2023 12:03	update	4633	Ilona
12-12-2023 12:04	update	4635	Ilona
12-12-2023 12:06	contacted	09-12-2023_14:08:34	Ilona
12-12-2023 12:30	update	4619	Esther
12-12-2023 12:47	fetched	09-12-2023_14:08:34	Esther
12-12-2023 13:00	insert	12-12-2023_13:00:31	Esther
12-12-2023 14:53	update	09-12-2023_13:23:56	Esther
12-12-2023 14:53	contacted	09-12-2023_13:23:56	Esther
13-12-2023 11:02	call	4623	Esther
13-12-2023 11:46	fetched	4623	Ellen
13-12-2023 12:09	insert	13-12-2023_12:09:03	Esther
13-12-2023 12:12	ordered	13-12-2023_12:09:03	Esther
13-12-2023 12:13	ordered	12-12-2023_13:00:31	Esther
13-12-2023 12:20	insert	13-12-2023_12:20:57	Ellen
13-12-2023 13:11	insert	4638	Esther
14-12-2023 11:06	contacted	26-10-2023_11:53:39	Ellen
14-12-2023 11:23	insert	4639	Ilona
14-12-2023 11:28	contacted	13-12-2023_12:09:03	Ilona
14-12-2023 11:31	contacted	12-12-2023_13:00:31	Ilona
14-12-2023 11:39	insert	14-12-2023_11:39:03	Ilona
14-12-2023 11:47	contacted	06-12-2023_14:37:21	Ellen
14-12-2023 11:49	fetched	13-12-2023_12:20:57	Ellen
14-12-2023 11:50	contacted	06-12-2023_14:51:25	Ellen
14-12-2023 11:56	contacted	09-12-2023_13:31:38	Ellen
14-12-2023 12:01	contacted	11-12-2023_15:50:11	Ellen
14-12-2023 13:15	fetched	11-12-2023_15:50:11	Ellen
14-12-2023 15:12	call	4630	Ellen
14-12-2023 15:35	fetched	28-11-2023_10:23:52	Ellen
14-12-2023 15:47	update	4635	Ellen
14-12-2023 15:48	mail	4635	Ellen
14-12-2023 16:13	ordered	30-11-2023_12:27:30	Ilona
14-12-2023 16:14	ordered	09-12-2023_12:13:11	Ilona
14-12-2023 16:14	ordered	12-12-2023_11:35:03	Ilona
14-12-2023 16:14	ordered	14-12-2023_11:39:03	Ilona
14-12-2023 16:14	ordered	03-12-2023_15:28:33	Ilona
14-12-2023 16:14	contacted	03-12-2023_15:28:33	Ilona
14-12-2023 16:15	fetched	06-12-2023_14:37:21	Ellen
14-12-2023 16:19	contacted	07-12-2023_11:53:38	Ilona
14-12-2023 16:22	contacted	09-12-2023_16:57:14	Ilona
15-12-2023 11:27	insert	4642	Ellen
15-12-2023 11:29	update	4642	Ellen
15-12-2023 11:32	insert	4641	Dennis
15-12-2023 13:23	call	4629	Esther
15-12-2023 13:29	insert	15-12-2023_13:29:41	Nancy
15-12-2023 13:50	insert	15-12-2023_13:50:32	Dennis
15-12-2023 14:04	fetched	4630	Dennis
15-12-2023 14:10	update	24-11-2023_13:42:03	Esther
15-12-2023 14:25	insert	4643	Dennis
15-12-2023 15:26	contacted	22-11-2023_11:36:59	Esther
15-12-2023 15:30	update	4627	Esther
15-12-2023 15:59	insert	4645	Ellen
15-12-2023 16:15	fetched	06-12-2023_14:51:25	Ellen
15-12-2023 16:28	ordered	15-12-2023_13:50:32	Dennis
16-12-2023 10:08	mail	4631	Jaimy
16-12-2023 10:30	update	4626	Dennis
16-12-2023 10:30	update	4632	Dennis
16-12-2023 10:44	call	4626	Guido
16-12-2023 10:52	update	4642	Jaimy
16-12-2023 12:43	insert	16-12-2023_12:43:27	Ellen
16-12-2023 12:58	update	4626	Jaimy
16-12-2023 15:09	insert	16-12-2023_15:09:25	Esther
16-12-2023 15:42	update	03-12-2023_15:28:33	Jaimy
16-12-2023 15:43	update	03-12-2023_15:28:33	Jaimy
16-12-2023 15:57	insert	4646	Jaimy
16-12-2023 15:59	insert	4648	Jaimy
16-12-2023 16:07	update	4648	Jaimy
16-12-2023 16:26	update	4648	Jaimy
16-12-2023 16:32	update	4648	Jaimy
16-12-2023 16:44	update	4626	Esther
17-12-2023 13:34	insert	17-12-2023_13:34:58	Jaimy
17-12-2023 13:40	fetched	4629	Jaimy
17-12-2023 13:45	fetched	4635	Jaimy
17-12-2023 13:46	fetched	4635	Jaimy
17-12-2023 14:18	fetched	26-10-2023_11:53:39	Jaimy
17-12-2023 14:23	fetched	07-12-2023_11:53:38	Jaimy
17-12-2023 15:09	insert	17-12-2023_15:09:36	Jesper
17-12-2023 15:11	fetched	4625	Jesper
17-12-2023 15:17	insert	17-12-2023_15:17:30	Jesper
17-12-2023 15:18	update	17-12-2023_15:17:30	Esther
17-12-2023 15:18	update	17-12-2023_15:17:30	Esther
17-12-2023 15:39	insert	4650	Jaimy
17-12-2023 15:51	insert	4653	Jaimy
17-12-2023 16:21	fetched	09-12-2023_13:31:38	Esther
17-12-2023 16:29	fetched	4632	Esther
18-12-2023 12:46	ordered	17-12-2023_15:09:36	Ellen
18-12-2023 12:46	ordered	24-11-2023_16:35:49	Ellen
18-12-2023 12:47	ordered	01-12-2023_16:09:08	Ellen
18-12-2023 13:06	update	17-12-2023_15:17:30	Ellen
18-12-2023 13:11	fetched	12-12-2023_13:00:31	Ellen
18-12-2023 14:30	contacted	15-12-2023_13:29:41	Jaimy
18-12-2023 15:43	insert	18-12-2023_15:43:22	Ellen
18-12-2023 15:44	ordered	18-12-2023_15:43:22	Ellen
19-12-2023 11:19	fetched	09-12-2023_11:12:41	Ilona
19-12-2023 11:44	fetched	22-11-2023_11:36:59	Esther
19-12-2023 11:50	update	17-12-2023_13:34:58	Esther
19-12-2023 11:50	fetched	17-12-2023_13:34:58	Esther
19-12-2023 11:50	fetched	22-10-2023_13:52:30	Esther
19-12-2023 12:33	update	16-12-2023_12:43:27	Ilona
19-12-2023 13:45	contacted	23-11-2023_15:14:43	Esther
19-12-2023 14:47	contacted	08-12-2023_15:57:00	Ilona
19-12-2023 14:49	contacted	03-12-2023_15:37:20	Ilona
20-12-2023 09:51	fetched	15-12-2023_13:29:41	Ellen
20-12-2023 11:20	fetched	13-12-2023_12:09:03	Ellen
20-12-2023 11:24	contacted	18-12-2023_15:43:22	Ellen
20-12-2023 11:28	update	4638	Ellen
20-12-2023 11:28	call	4638	Ellen
20-12-2023 11:28	fetched	4638	Ellen
20-12-2023 11:28	fetched	23-11-2023_15:14:43	Ellen
20-12-2023 11:30	update	4643	Ellen
20-12-2023 11:32	call	4643	Ellen
20-12-2023 11:39	mail	4641	Ellen
20-12-2023 11:39	mail	4641	Ellen
20-12-2023 11:45	mail	4614	Ellen
20-12-2023 11:56	update	4626	Ellen
20-12-2023 12:27	fetched	18-12-2023_15:43:22	Ellen
20-12-2023 13:10	fetched	4645	Ellen
20-12-2023 13:27	fetched	08-12-2023_15:57:00	Esther
20-12-2023 14:08	fetched	4643	Ellen
20-12-2023 14:30	fetched	15-12-2023_13:50:32	Jaimy
20-12-2023 14:30	contacted	30-11-2023_12:27:30	Esther
20-12-2023 14:48	fetched	01-12-2023_16:09:08	Esther
20-12-2023 15:42	contacted	09-12-2023_12:13:11	Esther
20-12-2023 15:46	contacted	12-12-2023_11:35:03	Esther
20-12-2023 15:49	contacted	14-12-2023_11:39:03	Esther
20-12-2023 15:54	insert	20-12-2023_15:54:31	Jaimy
20-12-2023 16:01	contacted	17-12-2023_15:09:36	Ellen
21-12-2023 09:46	contacted	24-11-2023_16:35:49	Jaimy
21-12-2023 10:05	fetched	12-12-2023_11:35:03	Jaimy
21-12-2023 12:00	fetched	14-12-2023_11:39:03	Jaimy
21-12-2023 12:21	insert	21-12-2023_12:21:38	Jaimy
21-12-2023 12:49	update	4642	Jaimy
21-12-2023 13:09	call	4639	Jaimy
21-12-2023 13:10	update	4619	Jaimy
21-12-2023 13:13	mail	4619	Jaimy
21-12-2023 14:49	update	4619	Jaimy
21-12-2023 15:15	update	4619	Monique
21-12-2023 15:56	update	21-12-2023_12:21:38	Jaimy
21-12-2023 15:58	fetched	4639	Jaimy
21-12-2023 16:28	insert	21-12-2023_16:28:44	Jaimy
21-12-2023 16:28	ordered	21-12-2023_16:28:44	Jaimy
21-12-2023 19:11	fetched	17-12-2023_15:17:30	Jaimy
21-12-2023 19:16	update	11-12-2023_14:09:47	Jaimy
21-12-2023 19:23	fetched	4596	Jaimy
22-12-2023 10:09	update	20-12-2023_15:54:31	Jaimy
22-12-2023 10:10	ordered	20-12-2023_15:54:31	Jaimy
22-12-2023 11:30	fetched	17-12-2023_15:09:36	Ellen
22-12-2023 11:58	insert	4656	Fleur
22-12-2023 12:34	update	4656	Fleur
22-12-2023 13:26	insert	22-12-2023_13:26:50	Ellen
22-12-2023 13:34	fetched	4631	Fleur
22-12-2023 13:38	fetched	03-12-2023_15:37:20	Fleur
22-12-2023 13:38	update	22-12-2023_13:26:50	Ellen
22-12-2023 13:38	update	22-12-2023_13:26:50	Jaimy
22-12-2023 14:22	insert	22-12-2023_14:22:17	Dennis
22-12-2023 14:22	ordered	22-12-2023_14:22:17	Dennis
23-12-2023 09:41	mail	4627	Jaimy
23-12-2023 09:41	mail	4653	Jaimy
23-12-2023 09:41	mail	4646	Jaimy
23-12-2023 09:57	insert	23-12-2023_09:57:32	Ellen
23-12-2023 10:09	update	4653	Ellen
23-12-2023 10:59	fetched	4641	Dennis
23-12-2023 11:07	call	4650	Dennis
23-12-2023 11:07	update	4650	Dennis
23-12-2023 11:19	insert	23-12-2023_11:19:52	Esther
23-12-2023 11:41	fetched	23-12-2023_11:19:52	Esther
23-12-2023 12:00	insert	23-12-2023_12:00:25	Dennis
23-12-2023 12:01	update	23-12-2023_12:00:25	Dennis
23-12-2023 13:36	fetched	16-09-2023_12:07:04	Dennis
23-12-2023 13:38	fetched	09-12-2023_12:13:11	Jaimy
23-12-2023 13:54	insert	23-12-2023_13:54:27	Jaimy
23-12-2023 14:24	update	23-12-2023_13:54:27	Fleur
23-12-2023 14:54	insert	4658	Ilona
23-12-2023 15:20	fetched	4614	Jaimy
24-12-2023 11:08	fetched	4650	Jaimy
24-12-2023 11:11	call	4633	Jaimy
24-12-2023 11:11	fetched	4633	Jaimy
24-12-2023 11:24	fetched	4438	Jaimy
24-12-2023 12:21	update	4658	Jaimy
24-12-2023 12:21	update	4658	Jaimy
24-12-2023 12:21	mail	4658	Jaimy
24-12-2023 12:52	update	4626	Jaimy
24-12-2023 12:52	fetched	4626	Jaimy
24-12-2023 12:53	fetched	09-12-2023_16:57:14	Jaimy
24-12-2023 13:17	insert	24-12-2023_13:17:53	Jaimy
24-12-2023 13:20	update	4658	Ellen
24-12-2023 13:20	fetched	4658	Ellen
24-12-2023 13:34	fetched	4627	Jaimy
24-12-2023 14:07	fetched	4653	Jaimy
24-12-2023 16:51	insert	24-12-2023_16:51:21	Jesper
24-12-2023 16:52	insert	24-12-2023_16:52:55	Fleur
24-12-2023 16:53	update	24-12-2023_16:52:55	Fleur
24-12-2023 16:54	update	24-12-2023_16:52:55	Fleur
27-12-2023 10:34	insert	4661	Esther
27-12-2023 11:01	insert	4662	Esther
27-12-2023 11:39	update	4662	Jaimy
27-12-2023 11:40	contacted	21-12-2023_16:28:44	Jaimy
27-12-2023 12:38	insert	4663	Esther
27-12-2023 13:27	insert	27-12-2023_13:27:05	Esther
27-12-2023 13:31	update	27-12-2023_13:27:05	Esther
27-12-2023 13:48	fetched	21-12-2023_16:28:44	Ellen
27-12-2023 14:04	insert	27-12-2023_14:04:02	Ellen
27-12-2023 15:07	update	24-12-2023_16:51:21	Jaimy
27-12-2023 15:29	ordered	27-12-2023_14:04:02	Jaimy
27-12-2023 15:29	ordered	23-12-2023_09:57:32	Jaimy
27-12-2023 15:29	ordered	24-12-2023_16:51:21	Jaimy
27-12-2023 16:11	insert	27-12-2023_16:11:15	Ellen
27-12-2023 17:10	insert	27-12-2023_17:10:04	Ellen
27-12-2023 17:10	insert	4665	Esther
28-12-2023 10:26	fetched	30-11-2023_12:27:30	Fleur
28-12-2023 10:27	fetched	03-12-2023_15:28:33	Fleur
28-12-2023 10:30	mail	4511	Fleur
28-12-2023 10:42	update	24-12-2023_16:52:55	Fleur
28-12-2023 10:43	contacted	27-10-2023_15:40:12	Fleur
28-12-2023 10:45	update	11-10-2023_15:12:40	Fleur
28-12-2023 11:12	contacted	22-12-2023_14:22:17	Fleur
28-12-2023 11:17	insert	28-12-2023_11:17:07	Ellen
28-12-2023 11:17	update	28-12-2023_11:17:07	Ellen
28-12-2023 11:29	insert	28-12-2023_11:29:43	Jaimy
28-12-2023 11:35	ordered	28-12-2023_11:29:43	Jaimy
28-12-2023 11:57	contacted	27-12-2023_14:04:02	Jaimy
28-12-2023 12:50	insert	4666	Dennis
28-12-2023 12:52	insert	28-12-2023_12:52:20	Dennis
28-12-2023 12:53	update	4666	Dennis
28-12-2023 13:27	update	11-12-2023_14:09:47	Jaimy
28-12-2023 13:28	update	11-12-2023_14:09:47	Jaimy
28-12-2023 13:46	insert	28-12-2023_13:46:29	Ellen
28-12-2023 14:00	insert	4668	Dennis
28-12-2023 14:01	update	4668	Jaimy
28-12-2023 14:07	insert	28-12-2023_14:07:21	Dennis
28-12-2023 14:20	insert	28-12-2023_14:20:08	Dennis
28-12-2023 14:24	fetched	22-12-2023_14:22:17	Jaimy
28-12-2023 14:26	ordered	23-12-2023_09:57:32	Jaimy
28-12-2023 14:26	contacted	23-12-2023_09:57:32	Jaimy
28-12-2023 15:37	insert	28-12-2023_15:37:37	Dennis
28-12-2023 15:51	fetched	27-12-2023_14:04:02	Dennis
29-12-2023 10:56	contacted	28-12-2023_11:29:43	Ellen
29-12-2023 11:06	fetched	11-10-2023_15:12:40	Ellen
29-12-2023 11:08	contacted	24-12-2023_16:51:21	Ellen
29-12-2023 11:29	contacted	20-12-2023_15:54:31	Ellen
29-12-2023 11:48	fetched	4646	Dennis
29-12-2023 12:09	fetched	24-11-2023_13:42:03	Dennis
29-12-2023 14:10	update	4656	Ellen
29-12-2023 15:20	fetched	20-12-2023_15:54:31	Ellen
30-12-2023 09:47	insert	30-12-2023_09:47:52	Esther
30-12-2023 10:12	update	30-12-2023_09:47:52	Jaimy
30-12-2023 10:15	update	28-12-2023_11:17:07	Esther
30-12-2023 10:27	insert	30-12-2023_10:27:47	Esther
30-12-2023 10:36	update	28-12-2023_11:17:07	Esther
30-12-2023 11:08	update	4656	Jaimy
30-12-2023 11:32	insert	30-12-2023_11:32:15	Esther
30-12-2023 11:34	update	30-12-2023_11:32:15	Esther
30-12-2023 11:36	update	27-12-2023_17:10:04	Esther
30-12-2023 12:26	fetched	24-10-2023_10:25:25	Esther
30-12-2023 13:51	fetched	24-12-2023_16:51:21	Jaimy
31-12-2023 12:18	insert	31-12-2023_12:18:56	Dennis
31-12-2023 12:54	update	31-12-2023_12:18:56	Jaimy
31-12-2023 13:29	insert	31-12-2023_13:29:21	Dennis
31-12-2023 13:30	update	31-12-2023_13:29:21	Dennis
31-12-2023 14:14	insert	31-12-2023_14:14:48	Jesper
02-01-2024 11:00	ordered	06-12-2023_14:42:33	Esther
02-01-2024 11:01	ordered	28-12-2023_12:52:20	Esther
02-01-2024 11:01	ordered	28-12-2023_14:07:21	Esther
02-01-2024 11:05	ordered	28-12-2023_14:07:21	Esther
02-01-2024 11:06	ordered	28-12-2023_14:20:08	Esther
02-01-2024 11:12	ordered	27-12-2023_16:11:15	Jaimy
02-01-2024 11:27	ordered	22-12-2023_13:26:50	Esther
02-01-2024 11:28	ordered	27-12-2023_13:27:05	Esther
02-01-2024 11:42	contacted	28-12-2023_13:46:29	Esther
02-01-2024 11:42	fetched	28-12-2023_13:46:29	Esther
02-01-2024 11:46	ordered	31-12-2023_13:29:21	Esther
02-01-2024 11:47	ordered	31-12-2023_14:14:48	Esther
02-01-2024 11:50	ordered	31-12-2023_12:18:56	Esther
02-01-2024 11:58	update	30-12-2023_11:32:15	Esther
02-01-2024 11:58	ordered	30-12-2023_11:32:15	Esther
02-01-2024 12:12	fetched	16-12-2023_12:43:27	Esther
02-01-2024 12:38	update	24-12-2023_13:17:53	Esther
02-01-2024 12:54	insert	02-01-2024_12:54:09	Esther
02-01-2024 13:14	ordered	23-12-2023_12:00:25	Esther
02-01-2024 13:14	ordered	23-12-2023_12:00:25	Esther
02-01-2024 13:15	ordered	02-01-2024_12:54:09	Esther
02-01-2024 16:19	update	21-12-2023_12:21:38	Esther
02-01-2024 16:21	update	27-12-2023_17:10:04	Esther
02-01-2024 16:21	ordered	23-12-2023_13:54:27	Esther
02-01-2024 16:22	update	28-12-2023_11:17:07	Esther
02-01-2024 16:22	ordered	28-12-2023_11:17:07	Esther
03-01-2024 10:51	contacted	30-12-2023_10:27:47	Jaimy
03-01-2024 15:23	update	4619	Ellen
03-01-2024 15:23	fetched	4619	Ellen
03-01-2024 15:30	fetched	30-12-2023_10:27:47	Ellen
04-01-2024 10:08	insert	04-01-2024_10:08:14	Jaimy
04-01-2024 10:09	update	04-01-2024_10:08:14	Jaimy
04-01-2024 11:01	update	23-12-2023_13:54:27	Jaimy
04-01-2024 13:13	update	4661	Jaimy
04-01-2024 13:28	insert	4672	Jaimy
04-01-2024 13:45	insert	4673	Jaimy
04-01-2024 17:05	contacted	31-12-2023_12:18:56	Ellen
04-01-2024 17:11	update	31-12-2023_12:18:56	Jaimy
05-01-2024 10:26	fetched	28-12-2023_11:29:43	Dennis
05-01-2024 10:42	contacted	23-12-2023_13:54:27	Esther
05-01-2024 10:45	contacted	28-12-2023_11:17:07	Esther
05-01-2024 10:53	insert	05-01-2024_10:53:16	Esther
05-01-2024 10:54	update	28-12-2023_11:17:07	Esther
05-01-2024 10:55	contacted	31-12-2023_14:14:48	Esther
05-01-2024 11:01	fetched	4663	Dennis
05-01-2024 11:36	contacted	23-12-2023_12:00:25	Esther
05-01-2024 11:39	contacted	02-01-2024_12:54:09	Esther
05-01-2024 11:59	fetched	31-12-2023_14:14:48	Esther
05-01-2024 12:35	insert	05-01-2024_12:35:47	Esther
05-01-2024 12:46	insert	4674	Dennis
05-01-2024 12:58	insert	05-01-2024_12:58:10	Esther
05-01-2024 12:59	fetched	02-01-2024_12:54:09	Esther
05-01-2024 13:20	fetched	31-12-2023_12:18:56	Esther
05-01-2024 14:34	fetched	4665	Dennis
05-01-2024 14:46	insert	05-01-2024_14:46:50	Esther
05-01-2024 15:07	ordered	05-01-2024_14:46:50	Esther
05-01-2024 15:18	insert	05-01-2024_15:18:26	Dennis
05-01-2024 15:18	ordered	05-01-2024_15:18:26	Dennis
06-01-2024 10:58	contacted	27-12-2023_16:11:15	Jaimy
06-01-2024 11:03	update	09-12-2023_13:23:56	Jaimy
06-01-2024 11:03	fetched	09-12-2023_13:23:56	Jaimy
06-01-2024 11:52	fetched	23-12-2023_13:54:27	Jaimy
06-01-2024 12:09	insert	06-01-2024_12:09:27	Esther
06-01-2024 12:20	insert	06-01-2024_12:20:39	Esther
06-01-2024 12:38	insert	06-01-2024_12:38:40	Ellen
06-01-2024 13:21	update	28-12-2023_11:17:07	Ellen
06-01-2024 14:32	fetched	23-12-2023_12:00:25	Ellen
06-01-2024 14:33	insert	06-01-2024_14:33:08	Ellen
06-01-2024 15:55	update	4642	Jaimy07-01-2024 14:41	insert	4679	Jaimy
07-01-2024 14:43	update	4679	Jaimy
07-01-2024 14:45	update	4674	Jaimy
08-01-2024 14:18	contacted	31-12-2023_13:29:21	Ellen
08-01-2024 16:29	fetched	27-12-2023_16:11:15	Ilona
08-01-2024 16:32	ordered	06-01-2024_12:09:27	Ilona
08-01-2024 16:33	ordered	06-01-2024_12:20:39	Ilona
09-01-2024 11:17	update	4679	Esther
09-01-2024 11:56	update	4656	Ilona
09-01-2024 11:57	update	4674	Ilona
09-01-2024 11:58	update	4679	Ilona
09-01-2024 12:01	contacted	30-12-2023_11:32:15	Esther
09-01-2024 13:56	update	05-01-2024_15:18:26	Esther
09-01-2024 13:58	contacted	05-01-2024_14:46:50	Esther
09-01-2024 14:16	ordered	05-01-2024_12:58:10	Esther
09-01-2024 14:17	ordered	06-01-2024_12:38:40	Esther
09-01-2024 14:18	update	06-01-2024_14:33:08	Esther
09-01-2024 14:18	update	05-01-2024_12:35:47	Esther
09-01-2024 14:20	update	06-01-2024_14:33:08	Esther
09-01-2024 14:21	fetched	06-01-2024_14:33:08	Esther
09-01-2024 14:27	update	05-01-2024_12:35:47	Esther
09-01-2024 14:29	insert	09-01-2024_14:29:34	Esther
09-01-2024 14:30	update	09-01-2024_14:29:34	Esther
09-01-2024 14:53	contacted	05-01-2024_15:18:26	Esther
09-01-2024 14:54	fetched	05-01-2024_15:18:26	Esther
09-01-2024 15:01	insert	09-01-2024_15:01:50	Dennis
09-01-2024 16:04	update	4672	Esther
09-01-2024 16:31	ordered	09-01-2024_15:01:50	Ilona
09-01-2024 16:54	ordered	04-01-2024_10:08:14	Ilona
10-01-2024 10:25	insert	10-01-2024_10:25:46	Esther
10-01-2024 10:50	update	4587	Ellen
10-01-2024 12:17	contacted	06-01-2024_12:09:27	Esther
10-01-2024 13:40	fetched	30-12-2023_11:32:15	Nancy
10-01-2024 13:45	fetched	06-01-2024_12:20:39	Esther
10-01-2024 14:12	fetched	06-01-2024_12:09:27	Esther
10-01-2024 16:56	fetched	05-01-2024_14:46:50	Esther
11-01-2024 10:34	insert	4680	Ellen
11-01-2024 10:43	update	22-12-2023_13:26:50	Ellen
11-01-2024 11:25	insert	11-01-2024_11:25:14	Ilona
11-01-2024 12:34	contacted	05-01-2024_12:58:10	Ilona
11-01-2024 13:30	contacted	06-01-2024_12:38:40	Ilona
11-01-2024 13:30	contacted	06-01-2024_12:38:40	Ilona
11-01-2024 14:56	insert	11-01-2024_14:56:35	Ellen
11-01-2024 16:53	update	4642	Ellen
11-01-2024 16:54	reset_contacted	4642	Ellen
11-01-2024 16:54	update	4642	Ellen
11-01-2024 16:56	call	4642	Ellen
12-01-2024 10:34	mail	4679	Esther
12-01-2024 10:38	contacted	04-01-2024_10:08:14	Esther
12-01-2024 10:49	fetched	4656	Esther
12-01-2024 12:27	ordered	11-01-2024_14:56:35	Ellen
12-01-2024 12:29	fetched	09-12-2023_10:49:25	Ellen
12-01-2024 12:30	fetched	07-12-2023_12:58:06	Ellen
12-01-2024 14:46	fetched	4679	Ellen
12-01-2024 15:56	update	4673	Esther
12-01-2024 15:57	call	4673	Esther
12-01-2024 16:00	insert	4681	Esther
12-01-2024 16:05	call	4668	Esther
13-01-2024 10:11	update	4681	Jaimy
13-01-2024 10:14	fetched	24-11-2023_16:35:49	Esther
13-01-2024 10:33	insert	13-01-2024_10:33:21	Ellen
13-01-2024 10:40	update	4680	Ellen
13-01-2024 10:40	mail	4680	Ellen
13-01-2024 11:43	insert	13-01-2024_11:43:49	Jaimy
13-01-2024 11:52	fetched	4642	Ellen
13-01-2024 13:00	fetched	06-01-2024_12:38:40	Esther
13-01-2024 13:19	insert	13-01-2024_13:19:50	Dennis
13-01-2024 13:26	update	13-01-2024_13:19:50	Dennis
13-01-2024 14:12	insert	13-01-2024_14:12:05	Jaimy
13-01-2024 14:13	update	13-01-2024_14:12:05	Jaimy
13-01-2024 14:17	insert	13-01-2024_14:17:30	Ellen
13-01-2024 14:36	insert	4683	Jaimy
13-01-2024 15:36	contacted	22-12-2023_13:26:50	Jaimy
14-01-2024 13:07	insert	4685	Jaimy
14-01-2024 13:18	insert	14-01-2024_13:18:20	Jaimy
14-01-2024 13:19	update	14-01-2024_13:18:20	Jaimy
14-01-2024 13:31	insert	4686	Jaimy
14-01-2024 13:32	update	4686	Jaimy
14-01-2024 14:47	update	4685	Jaimy
14-01-2024 14:51	insert	4684	Jaimy
14-01-2024 14:51	update	4684	Jaimy
14-01-2024 15:01	update	4685	Jaimy
14-01-2024 15:04	update	4684	Jaimy
14-01-2024 15:28	fetched	4680	Jaimy
14-01-2024 16:26	insert	4687	Jaimy
14-01-2024 16:28	update	4687	Jaimy
14-01-2024 16:29	update	4687	Jaimy
14-01-2024 16:59	fetched	27-10-2023_15:40:12	Jaimy
15-01-2024 12:05	fetched	05-01-2024_12:58:10	Nancy
15-01-2024 12:29	ordered	13-01-2024_14:17:30	Esther
15-01-2024 12:30	reset_fetched	13-01-2024_14:17:30	Esther
15-01-2024 12:37	update	27-12-2023_13:27:05	Esther
15-01-2024 12:41	ordered	24-12-2023_13:17:53	Ilona
15-01-2024 12:41	ordered	05-01-2024_12:35:47	Ilona
15-01-2024 12:43	ordered	11-01-2024_11:25:14	Ilona
15-01-2024 12:44	ordered	05-01-2024_12:35:47	Ilona
15-01-2024 12:48	update	13-01-2024_13:19:50	Ilona
15-01-2024 12:48	update	24-12-2023_13:17:53	Ilona
15-01-2024 12:48	update	05-01-2024_12:35:47	Ilona
15-01-2024 12:49	update	11-01-2024_11:25:14	Ilona
15-01-2024 12:49	ordered	13-01-2024_13:19:50	Ilona
15-01-2024 12:57	update	13-01-2024_14:12:05	Ilona
15-01-2024 13:01	fetched	28-12-2023_11:17:07	Esther
15-01-2024 13:03	ordered	13-01-2024_14:12:05	Ilona
15-01-2024 13:08	ordered	14-01-2024_13:18:20	Ilona
15-01-2024 13:24	ordered	09-01-2024_14:29:34	Esther
15-01-2024 13:24	ordered	10-01-2024_10:25:46	Esther
15-01-2024 14:34	update	4684	Esther
15-01-2024 15:18	insert	15-01-2024_15:18:24	Esther
15-01-2024 15:42	ordered	15-01-2024_15:18:24	Esther
15-01-2024 15:58	insert	15-01-2024_15:58:08	Esther
15-01-2024 16:04	ordered	15-01-2024_15:58:08	Esther
15-01-2024 16:07	reset_fetched	24-12-2023_13:17:53	Esther
15-01-2024 16:14	ordered	24-12-2023_13:17:53	Esther
16-01-2024 11:43	update	4685	Esther
16-01-2024 11:45	update	4685	Esther
16-01-2024 11:46	update	4684	Esther
16-01-2024 15:26	insert	16-01-2024_15:26:36	Dennis
16-01-2024 15:26	ordered	16-01-2024_15:26:36	Dennis
16-01-2024 15:27	update	16-01-2024_15:26:36	Dennis
16-01-2024 15:41	insert	16-01-2024_15:41:39	Dennis
17-01-2024 10:04	insert	17-01-2024_10:04:10	Esther
17-01-2024 10:04	ordered	17-01-2024_10:04:10	Esther
17-01-2024 11:23	contacted	11-01-2024_14:56:35	Ellen
17-01-2024 12:15	insert	17-01-2024_12:15:25	Nancy
17-01-2024 12:53	fetched	31-12-2023_13:29:21	Nancy
17-01-2024 13:29	ordered	17-01-2024_12:15:25	Nancy
17-01-2024 13:35	contacted	09-01-2024_15:01:50	Esther
17-01-2024 14:18	contacted	27-12-2023_13:27:05	Esther
17-01-2024 14:43	fetched	27-12-2023_13:27:05	Esther
17-01-2024 15:45	fetched	16-01-2024_15:41:39	Esther
17-01-2024 16:22	contacted	14-01-2024_13:18:20	Nancy
17-01-2024 16:42	update	09-01-2024_15:01:50	Esther
17-01-2024 16:42	fetched	09-01-2024_15:01:50	Esther
18-01-2024 12:22	contacted	16-01-2024_15:26:36	Ellen
18-01-2024 13:17	insert	4691	Ellen
18-01-2024 13:22	fetched	09-01-2024_14:29:34	Ellen
18-01-2024 13:33	contacted	15-01-2024_15:58:08	Ellen
18-01-2024 13:36	contacted	13-01-2024_13:19:50	Ellen
18-01-2024 13:39	update	13-01-2024_13:19:50	Ellen
18-01-2024 13:59	insert	4692	Dennis
18-01-2024 14:25	update	13-01-2024_10:33:21	Dennis
18-01-2024 14:50	contacted	10-01-2024_10:25:46	Ellen
18-01-2024 14:53	contacted	15-01-2024_15:18:24	Ellen
18-01-2024 14:53	update	15-01-2024_15:18:24	Ellen
18-01-2024 14:56	contacted	17-01-2024_12:15:25	Ellen
18-01-2024 16:06	update	4684	Ellen
18-01-2024 16:07	mail	4684	Ellen
18-01-2024 16:12	update	28-12-2023_14:07:21	Ellen
19-01-2024 10:37	insert	4694	Ellen
19-01-2024 10:56	ordered	13-01-2024_14:17:30	Ellen
19-01-2024 11:25	insert	19-01-2024_11:25:16	Ellen
19-01-2024 11:32	fetched	11-01-2024_14:56:35	Ellen
19-01-2024 11:32	fetched	10-01-2024_10:25:46	Ellen
19-01-2024 11:36	update	4661	Ellen
19-01-2024 11:37	update	4661	Ellen
19-01-2024 11:45	insert	4695	Ellen
19-01-2024 11:47	fetched	4661	Ellen
19-01-2024 12:59	update	4648	Jaimy
19-01-2024 12:59	call	4648	Jaimy
19-01-2024 14:55	update	4511	Ellen
19-01-2024 17:36	update	4687	Dennis
20-01-2024 11:03	insert	4696	Dennis
20-01-2024 11:15	contacted	28-10-2023_14:38:15	Dennis
20-01-2024 11:49	update	4681	Ellen
20-01-2024 11:56	update	14-01-2024_13:18:20	Dennis
20-01-2024 12:02	fetched	4648	Ellen
20-01-2024 12:13	update	4662	Jaimy
20-01-2024 12:26	fetched	28-10-2023_14:38:15	Ellen
20-01-2024 14:44	insert	20-01-2024_14:44:35	Ellen
20-01-2024 14:45	update	20-01-2024_14:44:35	Ellen
20-01-2024 16:52	fetched	4511	Jaimy
21-01-2024 12:40	insert	21-01-2024_12:40:28	Fleur
21-01-2024 12:42	update	21-01-2024_12:40:28	Fleur
21-01-2024 12:47	fetched	4684	Esther
21-01-2024 14:44	fetched	17-01-2024_12:15:25	Esther
22-01-2024 12:08	fetched	16-01-2024_15:26:36	Ellen
22-01-2024 13:19	update	4692	Ellen
22-01-2024 15:10	update	4692	Ellen
22-01-2024 15:10	call	4692	Ellen
22-01-2024 15:10	fetched	4692	Ellen
23-01-2024 11:37	ordered	24-12-2023_16:52:55	Esther
23-01-2024 11:38	ordered	13-01-2024_11:43:49	Esther
23-01-2024 12:46	ordered	13-01-2024_10:33:21	Ilona
23-01-2024 12:47	ordered	19-01-2024_11:25:16	Ilona
23-01-2024 12:47	ordered	20-01-2024_14:44:35	Ilona
23-01-2024 12:48	ordered	21-01-2024_12:40:28	Ilona
23-01-2024 13:12	contacted	17-01-2024_10:04:10	Ilona
23-01-2024 13:43	insert	23-01-2024_13:43:25	Esther
23-01-2024 13:45	ordered	23-01-2024_13:43:25	Esther
23-01-2024 14:10	insert	4698	Ilona
23-01-2024 16:22	update	4686	Esther
23-01-2024 16:22	update	4686	Esther
23-01-2024 16:25	contacted	13-01-2024_11:43:49	Esther
24-01-2024 11:22	update	4666	Ellen
24-01-2024 11:27	update	23-12-2023_09:57:32	Ellen
24-01-2024 12:42	fetched	4681	Nancy
24-01-2024 14:44	insert	24-01-2024_14:44:50	Esther
24-01-2024 15:51	insert	4704	Ellen
24-01-2024 16:40	contacted	06-12-2023_14:42:33	Nancy
24-01-2024 16:43	contacted	28-12-2023_12:52:20	Nancy
24-01-2024 16:45	contacted	28-12-2023_14:20:08	Nancy
25-01-2024 10:37	contacted	13-01-2024_14:17:30	Ellen
25-01-2024 10:52	fetched	06-12-2023_14:42:33	Ellen
25-01-2024 10:52	fetched	28-12-2023_14:20:08	Ellen
25-01-2024 10:52	fetched	22-12-2023_13:26:50	Ellen
25-01-2024 11:53	insert	4706	Dennis
25-01-2024 12:13	contacted	28-12-2023_14:07:21	Ellen
25-01-2024 12:26	insert	25-01-2024_12:26:10	Ellen
25-01-2024 12:33	contacted	19-01-2024_11:25:16	Ellen
25-01-2024 12:39	contacted	13-01-2024_10:33:21	Ellen
25-01-2024 12:41	contacted	20-01-2024_14:44:35	Ellen
25-01-2024 13:04	fetched	28-12-2023_14:07:21	Ellen
25-01-2024 14:39	fetched	13-01-2024_10:33:21	Ellen
25-01-2024 16:21	insert	4709	Ilona
25-01-2024 16:41	contacted	21-01-2024_12:40:28	Ellen
25-01-2024 16:48	fetched	13-01-2024_13:19:50	Ellen
25-01-2024 17:10	insert	4710	Ilona
26-01-2024 10:41	fetched	19-01-2024_11:25:16	Dennis
26-01-2024 11:19	insert	26-01-2024_11:19:22	Esther
26-01-2024 11:20	update	26-01-2024_11:19:22	Esther
26-01-2024 12:06	fetched	4666	Ellen
26-01-2024 12:06	fetched	28-12-2023_12:52:20	Ellen
26-01-2024 12:23	call	4706	Esther
26-01-2024 12:25	call	4698	Esther
26-01-2024 12:26	update	4698	Esther
26-01-2024 12:30	mail	4683	Esther
26-01-2024 12:50	call	4704	Esther
26-01-2024 12:50	mail	4695	Esther
26-01-2024 12:52	mail	4686	Esther
26-01-2024 13:12	fetched	15-01-2024_15:58:08	Ellen
26-01-2024 13:46	insert	26-01-2024_13:46:05	Ellen
26-01-2024 14:23	contacted	23-01-2024_13:43:25	Ellen
26-01-2024 14:56	insert	26-01-2024_14:56:24	Ellen
26-01-2024 15:01	insert	4713	Esther
26-01-2024 15:03	fetched	4704	Esther
26-01-2024 15:06	contacted	24-12-2023_16:52:55	Ellen
26-01-2024 16:04	contacted	25-01-2024_12:26:10	Ellen
26-01-2024 16:08	ordered	26-01-2024_14:56:24	Ellen
26-01-2024 16:08	fetched	04-01-2024_10:08:14	Ellen
27-01-2024 10:08	update	4691	Ellen
27-01-2024 10:08	call	4691	Ellen
27-01-2024 11:31	fetched	13-01-2024_14:17:30	Ellen
27-01-2024 11:40	insert	27-01-2024_11:40:41	Ellen
27-01-2024 11:59	fetched	23-01-2024_13:43:25	Jaimy
27-01-2024 12:29	insert	4714	Dennis
27-01-2024 13:13	insert	27-01-2024_13:13:22	Dennis
27-01-2024 14:02	fetched	4686	Jaimy
27-01-2024 14:54	insert	4715	Ellen
27-01-2024 15:05	insert	27-01-2024_15:05:56	Dennis
27-01-2024 16:16	fetched	4691	Ellen
27-01-2024 16:49	fetched	21-01-2024_12:40:28	Ellen
28-01-2024 13:00	insert	28-01-2024_13:00:16	Fleur
28-01-2024 13:11	insert	4716	Jaimy
28-01-2024 13:35	insert	28-01-2024_13:35:06	Jaimy
28-01-2024 13:37	update	4716	Jaimy
28-01-2024 14:28	fetched	13-01-2024_11:43:49	Jaimy
29-01-2024 12:27	ordered	26-01-2024_13:46:05	Esther
29-01-2024 12:33	update	4685	Esther
29-01-2024 15:02	fetched	4706	Nancy
29-01-2024 15:05	fetched	25-01-2024_12:26:10	Nancy
29-01-2024 15:45	fetched	4698	Nancy
30-01-2024 11:14	ordered	27-01-2024_15:05:56	Ilona
30-01-2024 11:14	ordered	28-01-2024_13:35:06	Ilona
30-01-2024 11:26	contacted	26-01-2024_13:46:05	Esther
30-01-2024 11:31	fetched	26-01-2024_13:46:05	Esther
30-01-2024 11:39	ordered	11-12-2023_14:09:47	Esther
30-01-2024 14:59	update	4713	Esther
30-01-2024 15:48	fetched	4710	Esther
31-01-2024 10:39	mail	4687	Esther
31-01-2024 10:46	call	4694	Esther
31-01-2024 10:58	update	4587	Esther
31-01-2024 12:40	insert	4721	Esther
31-01-2024 12:42	update	4721	Esther
31-01-2024 13:04	update	26-01-2024_14:56:24	Ellen
31-01-2024 13:05	update	26-01-2024_14:56:24	Ellen
31-01-2024 13:05	contacted	26-01-2024_14:56:24	Ellen
31-01-2024 13:27	contacted	11-12-2023_14:09:47	Esther
01-02-2024 11:14	update	4713	Ellen
01-02-2024 11:44	update	4716	Ellen
01-02-2024 12:40	insert	4723	Ilona
01-02-2024 12:44	call	4685	Ilona
01-02-2024 13:07	update	4685	Ilona
01-02-2024 13:11	update	4674	Ilona
01-02-2024 13:11	call	4674	Ilona
01-02-2024 15:50	insert	01-02-2024_15:50:19	Ilona
01-02-2024 15:54	update	01-02-2024_15:50:19	Ilona
01-02-2024 16:50	fetched	01-02-2024_15:50:19	Monique
02-02-2024 12:01	contacted	27-01-2024_15:05:56	Ellen
02-02-2024 14:47	fetched	4685	Esther
02-02-2024 15:01	fetched	16-12-2023_15:09:25	Ellen
02-02-2024 15:02	fetched	24-12-2023_16:52:55	Ellen
02-02-2024 15:14	fetched	11-12-2023_14:09:47	Ellen
02-02-2024 16:12	insert	02-02-2024_16:12:08	Esther
03-02-2024 10:59	fetched	4694	Esther
03-02-2024 11:20	call	4714	Ellen
03-02-2024 11:23	update	4715	Ellen
03-02-2024 11:30	insert	4726	Esther
03-02-2024 11:48	insert	4727	Ellen
03-02-2024 12:12	insert	4708	Esther
03-02-2024 12:12	call	4715	Ellen
03-02-2024 13:53	insert	4728	Jaimy
03-02-2024 14:04	insert	4730	Ellen
03-02-2024 14:11	insert	03-02-2024_14:11:11	Esther
03-02-2024 14:11	ordered	03-02-2024_14:11:11	Esther
03-02-2024 14:14	fetched	4695	Jaimy
03-02-2024 14:20	update	4674	Jaimy
03-02-2024 14:20	mail	4674	Jaimy
03-02-2024 14:21	fetched	4674	Jaimy
03-02-2024 14:28	fetched	27-01-2024_15:05:56	Jaimy
03-02-2024 15:12	fetched	4683	Jaimy
03-02-2024 15:26	insert	03-02-2024_15:26:18	Ellen
03-02-2024 15:44	update	4687	Ellen
03-02-2024 15:44	fetched	4687	Ellen
03-02-2024 16:45	insert	03-02-2024_16:45:57	Ellen
03-02-2024 16:51	update	03-02-2024_16:45:57	Ellen
03-02-2024 16:53	update	03-02-2024_16:45:57	Ellen
05-02-2024 12:36	ordered	03-02-2024_16:45:57	Ilona
05-02-2024 14:00	fetched	4714	Ilona
05-02-2024 16:32	update	4673	Ellen
06-02-2024 10:53	fetched	26-01-2024_14:56:24	Ilona
06-02-2024 11:08	update	27-01-2024_11:40:41	Esther
06-02-2024 11:54	insert	06-02-2024_11:54:34	Ilona
06-02-2024 12:16	contacted	03-02-2024_16:45:57	Esther
06-02-2024 14:18	update	21-12-2023_12:21:38	Ilona
06-02-2024 14:22	update	28-12-2023_15:37:37	Ilona
06-02-2024 14:26	update	30-12-2023_09:47:52	Ilona
06-02-2024 14:46	fetched	27-12-2023_17:10:04	Esther
06-02-2024 14:50	fetched	27-01-2024_13:13:22	Esther
06-02-2024 15:55	insert	4734	Esther
06-02-2024 16:12	contacted	03-02-2024_14:11:11	Esther
06-02-2024 16:54	update	4734	Esther
07-02-2024 10:44	insert	4733	Esther
07-02-2024 10:47	update	4733	Esther
07-02-2024 16:13	insert	4736	Nancy
07-02-2024 16:15	update	4736	Nancy
08-02-2024 13:43	insert	4737	Monique
08-02-2024 14:00	update	13-01-2024_14:12:05	Ellen
08-02-2024 15:53	update	27-01-2024_11:40:41	Ellen
08-02-2024 16:16	mail	4721	Ilona
08-02-2024 16:20	mail	4713	Ilona
08-02-2024 16:26	mail	4672	Ilona
08-02-2024 16:32	call	4709	Ilona
08-02-2024 16:34	insert	4738	Ellen
08-02-2024 16:34	update	4738	Ellen
09-02-2024 10:13	insert	09-02-2024_10:13:53	Esther
09-02-2024 11:45	ordered	24-01-2024_14:44:50	Esther
09-02-2024 12:09	insert	09-02-2024_12:09:26	Fleur
09-02-2024 12:09	update	09-02-2024_12:09:26	Fleur
09-02-2024 12:19	update	4727	Esther
09-02-2024 13:51	update	4737	Fleur
09-02-2024 13:56	fetched	4672	Ellen
09-02-2024 13:56	fetched	4709	Fleur
09-02-2024 14:36	insert	09-02-2024_14:36:30	Esther
10-02-2024 10:48	update	4738	Jaimy
10-02-2024 11:13	ordered	02-02-2024_16:12:08	Esther
10-02-2024 11:13	ordered	02-02-2024_16:12:08	Esther
10-02-2024 11:13	ordered	28-01-2024_13:00:16	Esther
10-02-2024 13:19	insert	10-02-2024_13:19:47	Esther
10-02-2024 13:23	fetched	4721	Jaimy
10-02-2024 14:43	fetched	4715	Ellen
10-02-2024 14:53	insert	10-02-2024_14:53:08	Ellen
10-02-2024 16:15	insert	4743	Esther
10-02-2024 16:20	insert	4742	Ellen
10-02-2024 16:26	fetched	20-01-2024_14:44:35	Jaimy
10-02-2024 16:27	insert	10-02-2024_16:27:16	Esther
11-02-2024 13:17	fetched	4713	Jaimy
11-02-2024 13:17	fetched	03-02-2024_14:11:11	Jaimy
11-02-2024 13:22	insert	11-02-2024_13:22:50	Fleur
11-02-2024 15:26	repair_back	4713	Fleur
11-02-2024 15:26	fetched	4713	Fleur
11-02-2024 16:07	update	4742	Jaimy
11-02-2024 16:08	update	11-02-2024_13:22:50	Jaimy
11-02-2024 16:10	insert	11-02-2024_16:10:21	Ilona
11-02-2024 16:11	update	11-02-2024_16:10:21	Jaimy
11-02-2024 16:13	ordered	11-02-2024_16:10:21	Jaimy
11-02-2024 16:15	ordered	10-02-2024_14:53:08	Jaimy
13-02-2024 11:23	update	11-02-2024_13:22:50	Ilona
13-02-2024 11:33	update	26-01-2024_11:19:22	Esther
13-02-2024 11:34	update	26-01-2024_11:19:22	Esther
13-02-2024 11:41	update	26-01-2024_11:19:22	Esther
13-02-2024 11:53	contacted	11-02-2024_16:10:21	Ilona
13-02-2024 11:56	contacted	10-02-2024_14:53:08	Ilona
13-02-2024 13:07	fetched	11-02-2024_16:10:21	Esther
13-02-2024 13:51	insert	13-02-2024_13:51:17	Esther
13-02-2024 14:58	insert	13-02-2024_14:58:08	Ilona
13-02-2024 14:58	ordered	13-02-2024_14:58:08	Ilona
13-02-2024 15:24	update	4708	Ilona
14-02-2024 11:47	ordered	05-01-2024_10:53:16	Esther
14-02-2024 11:47	contacted	05-01-2024_10:53:16	Esther
14-02-2024 11:49	fetched	4733	Esther
14-02-2024 11:50	fetched	14-01-2024_13:18:20	Ellen
14-02-2024 11:50	contacted	28-01-2024_13:00:16	Esther
14-02-2024 11:51	fetched	17-01-2024_10:04:10	Ellen
14-02-2024 11:53	contacted	02-02-2024_16:12:08	Esther
14-02-2024 12:19	fetched	28-01-2024_13:00:16	Nancy
14-02-2024 15:14	fetched	4736	Nancy
14-02-2024 15:44	order_back	17-01-2024_10:04:10	Ellen
15-02-2024 10:42	update	4743	Ellen
15-02-2024 11:27	insert	15-02-2024_11:27:04	Ellen
15-02-2024 11:34	update	4730	Ellen
15-02-2024 11:35	call	4730	Ellen
15-02-2024 11:37	update	4728	Ellen
15-02-2024 11:37	mail	4728	Ellen
15-02-2024 11:39	update	4726	Ellen
15-02-2024 11:39	mail	4726	Ellen
15-02-2024 11:47	call	4738	Ellen
15-02-2024 14:12	insert	15-02-2024_14:12:15	Ellen
15-02-2024 14:12	ordered	15-02-2024_14:12:15	Ellen
16-02-2024 10:32	update	15-02-2024_11:27:04	Ellen
16-02-2024 10:37	ordered	15-02-2024_11:27:04	Ellen
16-02-2024 10:57	insert	16-02-2024_10:57:50	Ellen
16-02-2024 10:57	ordered	16-02-2024_10:57:50	Ellen
16-02-2024 11:19	update	4737	Ellen
16-02-2024 11:22	update	4742	Ellen
16-02-2024 11:26	fetched	4738	Ellen
16-02-2024 11:59	update	4742	Esther
16-02-2024 12:03	contacted	13-02-2024_14:58:08	Esther
16-02-2024 12:15	insert	16-02-2024_12:15:07	Ellen
16-02-2024 13:50	fetched	28-01-2024_13:35:06	Ellen
16-02-2024 14:39	contacted	13-02-2024_14:58:08	Ellen
16-02-2024 14:40	contacted	15-02-2024_14:12:15	Ellen
16-02-2024 14:42	contacted	26-01-2024_11:19:22	Ellen
16-02-2024 14:44	update	26-01-2024_11:19:22	Ellen
16-02-2024 14:44	update	26-01-2024_11:19:22	Ellen
16-02-2024 14:46	contacted	09-02-2024_14:36:30	Ellen
16-02-2024 14:52	update	26-01-2024_11:19:22	Ellen
16-02-2024 15:04	fetched	4696	Ellen
16-02-2024 15:19	fetched	15-02-2024_14:12:15	Ellen
16-02-2024 15:48	insert	16-02-2024_15:48:00	Ellen
16-02-2024 16:29	ordered	10-02-2024_13:19:47	Ellen
16-02-2024 16:44	insert	4750	Ellen
16-02-2024 16:51	ordered	16-02-2024_12:15:07	Ellen
17-02-2024 11:23	insert	4729	Ellen
17-02-2024 11:48	fetched	05-01-2024_10:53:16	Ellen
17-02-2024 12:02	fetched	13-02-2024_14:58:08	Ellen
17-02-2024 12:21	update	4708	Ellen
17-02-2024 13:16	insert	4751	Jaimy
17-02-2024 13:35	call	4723	Ellen
17-02-2024 14:16	contacted	24-01-2024_14:44:50	Ellen
17-02-2024 14:52	insert	4752	Jaimy
17-02-2024 14:54	update	4734	Jaimy
17-02-2024 14:54	fetched	4734	Jaimy
17-02-2024 16:36	call	4708	Jaimy
